# Logfile created on Wed Jan 18 11:24:08 CET 2006 by logger.rb/1.5.2.7


Processing ClientsController#index (for 127.0.0.1 at 2006-01-18 11:24:41) [GET]
  Parameters: {"action"=>"index", "controller"=>"clients"}
Redirected to http://localhost:3000/account/login
Filter chain halted as [login_required] returned false
Completed in 0.00124 (809 reqs/sec) | 302 Found [http://localhost/clients]


Processing AccountController#login (for 127.0.0.1 at 2006-01-18 11:24:41) [GET]
  Parameters: {"action"=>"login", "controller"=>"account"}
Rendering  within layouts/account
Rendering account/login
Completed in 0.05131 (19 reqs/sec) | Rendering: 0.04885 (95%) | 200 OK [http://localhost/account/login]


Processing AccountController#login (for 127.0.0.1 at 2006-01-18 11:24:48) [POST]
  Parameters: {"user_login"=>"Risktaker", "action"=>"login", "controller"=>"account", "user_password"=>"Marco", "login"=>"Login \302\273"}
  [4;36;1mUser Load (0.000607)[0m   [0;1mSELECT * FROM users WHERE (login = 'Risktaker' AND password = '599d967414469fb6a58eec3da5243c55a97e7609') LIMIT 1[0m
Rendering  within layouts/account
Rendering account/login
Completed in 0.17189 (5 reqs/sec) | Rendering: 0.00151 (0%) | DB: 0.00061 (0%) | 200 OK [http://localhost/account/login]


Processing AccountController#login (for 127.0.0.1 at 2006-01-18 11:24:55) [POST]
  Parameters: {"user_login"=>"Risktaker", "action"=>"login", "controller"=>"account", "user_password"=>"Marco", "login"=>"Login \302\273"}
  [4;35;1mUser Load (0.000479)[0m   [0mSELECT * FROM users WHERE (login = 'Risktaker' AND password = '599d967414469fb6a58eec3da5243c55a97e7609') LIMIT 1[0m
Rendering  within layouts/account
Rendering account/login
Completed in 0.00447 (223 reqs/sec) | Rendering: 0.00152 (33%) | DB: 0.00048 (10%) | 200 OK [http://localhost/account/login]
  [4;36;1mUser Columns (0.020374)[0m   [0;1mSHOW FIELDS FROM users[0m


Processing AccountController#logout (for 127.0.0.1 at 2006-01-18 11:25:01) [GET]
  Parameters: {"action"=>"logout", "controller"=>"account"}
Rendering  within layouts/account
Rendering account/logout
Completed in 0.03198 (31 reqs/sec) | Rendering: 0.02801 (87%) | DB: 0.02037 (63%) | 200 OK [http://localhost/account/logout]


Processing AccountController#login (for 127.0.0.1 at 2006-01-18 11:25:03) [GET]
  Parameters: {"action"=>"login", "controller"=>"account"}
Rendering  within layouts/account
Rendering account/login
Completed in 0.00747 (133 reqs/sec) | Rendering: 0.00481 (64%) | DB: 0.00000 (0%) | 200 OK [http://localhost/account/login]


Processing AccountController#login (for 127.0.0.1 at 2006-01-18 11:25:09) [POST]
  Parameters: {"user_login"=>"Risktaker", "action"=>"login", "controller"=>"account", "user_password"=>"Marco", "login"=>"Login \302\273"}
  [4;35;1mUser Load (0.001176)[0m   [0mSELECT * FROM users WHERE (login = 'Risktaker' AND password = '599d967414469fb6a58eec3da5243c55a97e7609') LIMIT 1[0m
Rendering  within layouts/account
Rendering account/login
Completed in 0.02128 (46 reqs/sec) | Rendering: 0.00159 (7%) | DB: 0.00118 (5%) | 200 OK [http://localhost/account/login]


Processing AccountController#login (for 127.0.0.1 at 2006-01-18 11:49:58) [GET]
  Parameters: {"action"=>"login", "controller"=>"account"}
Rendering  within layouts/account
Rendering account/login
Completed in 0.00414 (241 reqs/sec) | Rendering: 0.00152 (36%) | DB: 0.00000 (0%) | 200 OK [http://localhost/account/login]


Processing AccountController#signup (for 127.0.0.1 at 2006-01-18 11:50:02) [GET]
  Parameters: {"action"=>"signup", "controller"=>"account"}
  [4;36;1mUser Columns (0.001548)[0m   [0;1mSHOW FIELDS FROM users[0m
Rendering  within layouts/account
Rendering account/signup
Completed in 0.04543 (22 reqs/sec) | Rendering: 0.03661 (80%) | DB: 0.00155 (3%) | 200 OK [http://localhost/account/signup]


Processing AccountController#signup (for 127.0.0.1 at 2006-01-18 11:51:12) [POST]
  Parameters: {"user"=>{"user_pic"=>"", "user_email"=>"marco@gmail.com", "password_confirmation"=>"husten", "user_rule"=>"5", "user_vorname"=>"Peter", "user_strasse"=>"Lempstrasse 12", "user_klasse"=>"", "user_ort"=>"operaasl", "user_name"=>"Huth", "login"=>"test1", "password"=>"husten", "user_plz"=>"12333"}, "action"=>"signup", "controller"=>"account"}
  [4;35;1mUser Columns (0.038892)[0m   [0mSHOW FIELDS FROM users[0m
  [4;36;1mSQL (0.000167)[0m   [0;1mBEGIN[0m
  [4;35;1mUser Load (0.000415)[0m   [0mSELECT * FROM users WHERE (login = 'test1') LIMIT 1[0m
  [4;36;1mSQL (0.000407)[0m   [0;1mINSERT INTO users (`created_on`, `user_pic`, `user_telefon`, `user_email`, `updated_on`, `user_rule`, `user_strasse`, `user_vorname`, `user_klasse`, `user_ort`, `login`, `password`, `user_name`, `user_plz`) VALUES('2006-01-18 11:51:12', NULL, '', 'marco@gmail.com', '2006-01-18 11:51:12', 5, 'Lempstrasse 12', 'Peter', '', 'operaasl', 'test1', 'de777208f8c01a55973da1707d188ffbadd10052', 'Huth', 12333)[0m
  [4;35;1mSQL (0.000816)[0m   [0mCOMMIT[0m
  [4;36;1mUser Load (0.000405)[0m   [0;1mSELECT * FROM users WHERE (login = 'test1' AND password = 'de777208f8c01a55973da1707d188ffbadd10052') LIMIT 1[0m
Redirected to http://localhost:3000/users/show/1
Completed in 0.14221 (7 reqs/sec) | DB: 0.04110 (28%) | 302 Found [http://localhost/account/signup]
  [4;35;1mUser Columns (0.000997)[0m   [0mSHOW FIELDS FROM users[0m


Processing UsersController#show (for 127.0.0.1 at 2006-01-18 11:51:12) [GET]
  Parameters: {"action"=>"show", "id"=>"1", "controller"=>"users"}
  [4;36;1mUser Load (0.000471)[0m   [0;1mSELECT * FROM users WHERE (users.id = '1') LIMIT 1[0m
Rendering  within layouts/users
Rendering users/show
Rendered users/_navi (0.02614)
Completed in 0.08403 (11 reqs/sec) | Rendering: 0.08146 (96%) | DB: 0.00147 (1%) | 200 OK [http://localhost/users/show/1]
  [4;35;1mUser Columns (0.001919)[0m   [0mSHOW FIELDS FROM users[0m


Processing UsersController#upload_status (for 127.0.0.1 at 2006-01-18 11:51:27) [POST]
  Parameters: {"action"=>"upload_status", "controller"=>"users", "upload_id"=>"17"}
Completed in 0.00531 (188 reqs/sec) | Rendering: 0.00328 (61%) | DB: 0.00192 (36%) | 200 OK [http://localhost/users/upload_status?upload_id=17]
  [4;36;1mUser Columns (0.001016)[0m   [0;1mSHOW FIELDS FROM users[0m
Multipart upload with progress (id: 17, size: 620235)
Finished processing multipart upload in 0.10139s


Processing UsersController#update_pic (for 127.0.0.1 at 2006-01-18 11:51:28) [POST]
  Parameters: {"user"=>{"user_pic"=>#<File:/tmp/CGI10269.0>}, "commit"=>"Upload", "action"=>"update_pic", "id"=>"1", "controller"=>"users", "upload_id"=>"17"}
  [4;35;1mUser Load (0.000514)[0m   [0mSELECT * FROM users WHERE (users.id = '1') LIMIT 1[0m
  [4;36;1mSQL (0.000128)[0m   [0;1mBEGIN[0m
  [4;35;1mUser Load (0.000420)[0m   [0mSELECT * FROM users WHERE (users.id = 1) LIMIT 1[0m
  [4;36;1mUser Update (0.000469)[0m   [0;1mUPDATE users SET `user_plz` = 12333, `user_klasse` = '', `user_name` = 'Huth', `login` = 'test1', `user_email` = 'marco@gmail.com', `user_ort` = 'operaasl', `user_telefon` = '', `user_vorname` = 'Peter', `user_rule` = 5, `updated_on` = '2006-01-18 11:51:28', `password` = 'de777208f8c01a55973da1707d188ffbadd10052', `user_strasse` = 'Lempstrasse 12', `user_pic` = 'im001783.jpg', `created_on` = '2006-01-18 11:51:12' WHERE id = 1[0m
  [4;35;1mSQL (0.000905)[0m   [0mCOMMIT[0m
Redirected to http://localhost:3000/users/show/1
Completed in 0.02920 (34 reqs/sec) | Rendering: 0.00088 (3%) | DB: 0.00345 (11%) | 200 OK [http://localhost/users/update_pic/1?upload_id=17]
  [4;36;1mUser Columns (0.000994)[0m   [0;1mSHOW FIELDS FROM users[0m


Processing UsersController#show (for 127.0.0.1 at 2006-01-18 11:51:28) [GET]
  Parameters: {"action"=>"show", "id"=>"1", "controller"=>"users"}
  [4;35;1mUser Load (0.000502)[0m   [0mSELECT * FROM users WHERE (users.id = '1') LIMIT 1[0m
Rendering  within layouts/users
Rendering users/show
Rendered users/_navi (0.00200)
Completed in 0.00830 (120 reqs/sec) | Rendering: 0.00597 (71%) | DB: 0.00150 (18%) | 200 OK [http://localhost/users/show/1]
  [4;36;1mUser Columns (0.000957)[0m   [0;1mSHOW FIELDS FROM users[0m


Processing UsersController#update_klasse (for 127.0.0.1 at 2006-01-18 11:51:34) [POST]
  Parameters: {""=>"ok", "action"=>"update_klasse", "id"=>"1", "value"=>"cnws04", "controller"=>"users"}
  [4;35;1mUser Load (0.000460)[0m   [0mSELECT * FROM users WHERE (users.id = '1') LIMIT 1[0m
  [4;36;1mSQL (0.000065)[0m   [0;1mBEGIN[0m
  [4;35;1mUser Load (0.000318)[0m   [0mSELECT * FROM users WHERE (users.id = 1) LIMIT 1[0m
  [4;36;1mUser Update (0.000464)[0m   [0;1mUPDATE users SET `user_plz` = 12333, `user_klasse` = 'cnws04', `user_name` = 'Huth', `login` = 'test1', `user_email` = 'marco@gmail.com', `user_ort` = 'operaasl', `user_telefon` = '', `user_vorname` = 'Peter', `user_rule` = 5, `updated_on` = '2006-01-18 11:51:34', `password` = 'de777208f8c01a55973da1707d188ffbadd10052', `user_strasse` = 'Lempstrasse 12', `user_pic` = 'im001783.jpg', `created_on` = '2006-01-18 11:51:12' WHERE id = 1[0m
  [4;35;1mSQL (0.000845)[0m   [0mCOMMIT[0m
Completed in 0.00895 (111 reqs/sec) | Rendering: 0.00062 (6%) | DB: 0.00311 (34%) | 200 OK [http://localhost/users/update_klasse/1]


Processing AccountController#login (for 127.0.0.1 at 2006-01-18 11:51:42) [POST]
  Parameters: {"user_login"=>"test1", "action"=>"login", "controller"=>"account", "user_password"=>"husten", "login"=>"Login \302\273"}
  [4;36;1mUser Load (0.000504)[0m   [0;1mSELECT * FROM users WHERE (login = 'test1' AND password = 'de777208f8c01a55973da1707d188ffbadd10052') LIMIT 1[0m
Redirected to http://localhost:3000/clients
  [4;35;1mUser Columns (0.000908)[0m   [0mSHOW FIELDS FROM users[0m
Completed in 0.00512 (195 reqs/sec) | DB: 0.00141 (27%) | 302 Found [http://localhost/account/login]
  [4;36;1mUser Columns (0.001218)[0m   [0;1mSHOW FIELDS FROM users[0m


Processing ClientsController#index (for 127.0.0.1 at 2006-01-18 11:51:42) [GET]
  Parameters: {"action"=>"index", "controller"=>"clients"}
  [4;35;1mClient Count (0.000405)[0m   [0mSELECT COUNT(*) FROM clients [0m
  [4;36;1mClient Load (0.000228)[0m   [0;1mSELECT * FROM clients LIMIT 0, 10[0m
Rendering actionlistlayoutfalse within layouts/clients
Rendering clients/list
Rendered clients/_navi (0.01916)
Completed in 0.10119 (9 reqs/sec) | Rendering: 0.09166 (90%) | DB: 0.00185 (1%) | 200 OK [http://localhost/clients]
  [4;35;1mUser Columns (0.012629)[0m   [0mSHOW FIELDS FROM users[0m


Processing AccountController#logout (for 127.0.0.1 at 2006-01-18 11:51:53) [GET]
  Parameters: {"action"=>"logout", "controller"=>"account"}
Rendering  within layouts/account
Rendering account/logout
Completed in 0.00270 (370 reqs/sec) | Rendering: 0.00143 (53%) | DB: 0.01263 (468%) | 200 OK [http://localhost/account/logout]


Processing AccountController#login (for 127.0.0.1 at 2006-01-18 11:51:58) [GET]
  Parameters: {"action"=>"login", "controller"=>"account"}
Rendering  within layouts/account
Rendering account/login
Completed in 0.00328 (304 reqs/sec) | Rendering: 0.00170 (51%) | DB: 0.00000 (0%) | 200 OK [http://localhost/account/login]


Processing AccountController#login (for 127.0.0.1 at 2006-01-18 11:52:32) [POST]
  Parameters: {"user_login"=>"test1", "action"=>"login", "controller"=>"account", "user_password"=>"husten", "login"=>"Login \302\273"}
  [4;36;1mUser Load (0.000490)[0m   [0;1mSELECT * FROM users WHERE (login = 'test1' AND password = 'de777208f8c01a55973da1707d188ffbadd10052') LIMIT 1[0m
Redirected to http://localhost:3000/account/welcome
  [4;35;1mUser Columns (0.000899)[0m   [0mSHOW FIELDS FROM users[0m
Completed in 0.00525 (190 reqs/sec) | DB: 0.00139 (26%) | 302 Found [http://localhost/account/login]
  [4;36;1mUser Columns (0.000912)[0m   [0;1mSHOW FIELDS FROM users[0m


Processing AccountController#welcome (for 127.0.0.1 at 2006-01-18 11:52:32) [GET]
  Parameters: {"action"=>"welcome", "controller"=>"account"}
Rendering  within layouts/account
Rendering account/welcome
Rendered account/_navi (0.01119)
Completed in 0.04756 (21 reqs/sec) | Rendering: 0.04625 (97%) | DB: 0.00091 (1%) | 200 OK [http://localhost/account/welcome]
  [4;35;1mUser Columns (0.001148)[0m   [0mSHOW FIELDS FROM users[0m


Processing UsersController#show (for 127.0.0.1 at 2006-01-18 11:53:48) [GET]
  Parameters: {"action"=>"show", "id"=>"1", "controller"=>"users"}
  [4;36;1mUser Load (0.000491)[0m   [0;1mSELECT * FROM users WHERE (users.id = '1') LIMIT 1[0m
Rendering  within layouts/users
Rendering users/show
Rendered users/_navi (0.00190)
Completed in 0.00800 (124 reqs/sec) | Rendering: 0.00572 (71%) | DB: 0.00164 (20%) | 200 OK [http://localhost/users/show/1]
  [4;35;1mUser Columns (0.001084)[0m   [0mSHOW FIELDS FROM users[0m


Processing UsersController#update_klasse (for 127.0.0.1 at 2006-01-18 11:53:55) [POST]
  Parameters: {""=>"ok", "action"=>"update_klasse", "id"=>"1", "value"=>"cnws02", "controller"=>"users"}
  [4;36;1mUser Load (0.000517)[0m   [0;1mSELECT * FROM users WHERE (users.id = '1') LIMIT 1[0m
  [4;35;1mSQL (0.000085)[0m   [0mBEGIN[0m
  [4;36;1mUser Load (0.000352)[0m   [0;1mSELECT * FROM users WHERE (users.id = 1) LIMIT 1[0m
  [4;35;1mUser Update (0.000411)[0m   [0mUPDATE users SET `user_plz` = 12333, `user_klasse` = 'cnws02', `user_name` = 'Huth', `login` = 'test1', `user_email` = 'marco@gmail.com', `user_ort` = 'operaasl', `user_telefon` = '', `user_vorname` = 'Peter', `user_rule` = 5, `updated_on` = '2006-01-18 11:53:55', `password` = 'de777208f8c01a55973da1707d188ffbadd10052', `user_strasse` = 'Lempstrasse 12', `user_pic` = 'im001783.jpg', `created_on` = '2006-01-18 11:51:12' WHERE id = 1[0m
  [4;36;1mSQL (0.001715)[0m   [0;1mCOMMIT[0m
Completed in 0.00918 (108 reqs/sec) | Rendering: 0.00031 (3%) | DB: 0.00416 (45%) | 200 OK [http://localhost/users/update_klasse/1]
  [4;35;1mUser Columns (0.000916)[0m   [0mSHOW FIELDS FROM users[0m
Multipart upload with progress (id: 1, size: 45545)
Finished processing multipart upload in 0.009841s


Processing UsersController#update_pic (for 127.0.0.1 at 2006-01-18 11:54:12) [POST]
  Parameters: {"user"=>{"user_pic"=>#<File:/tmp/CGI10269.0>}, "commit"=>"Upload", "action"=>"update_pic", "id"=>"1", "controller"=>"users", "upload_id"=>"1"}
  [4;36;1mUser Load (0.000905)[0m   [0;1mSELECT * FROM users WHERE (users.id = '1') LIMIT 1[0m
  [4;35;1mSQL (0.008211)[0m   [0mBEGIN[0m
  [4;36;1mUser Load (0.000469)[0m   [0;1mSELECT * FROM users WHERE (users.id = 1) LIMIT 1[0m
  [4;35;1mUser Update (0.000497)[0m   [0mUPDATE users SET `user_plz` = 12333, `user_klasse` = 'cnws02', `user_name` = 'Huth', `login` = 'test1', `user_email` = 'marco@gmail.com', `user_ort` = 'operaasl', `user_telefon` = '', `user_vorname` = 'Peter', `user_rule` = 5, `updated_on` = '2006-01-18 11:54:12', `password` = 'de777208f8c01a55973da1707d188ffbadd10052', `user_strasse` = 'Lempstrasse 12', `user_pic` = 'Bild_2_.jpg', `created_on` = '2006-01-18 11:51:12' WHERE id = 1[0m
  [4;36;1mSQL (0.037284)[0m   [0;1mCOMMIT[0m
Redirected to http://localhost:3000/users/show/1
Completed in 0.10365 (9 reqs/sec) | Rendering: 0.00099 (0%) | DB: 0.04828 (46%) | 200 OK [http://localhost/users/update_pic/1?upload_id=1]
  [4;35;1mUser Columns (0.001004)[0m   [0mSHOW FIELDS FROM users[0m


Processing UsersController#upload_status (for 127.0.0.1 at 2006-01-18 11:54:12) [POST]
  Parameters: {"action"=>"upload_status", "controller"=>"users", "upload_id"=>"1"}
Completed in 0.01007 (99 reqs/sec) | Rendering: 0.00043 (4%) | DB: 0.00100 (9%) | 200 OK [http://localhost/users/upload_status?upload_id=1]
  [4;36;1mUser Columns (0.000968)[0m   [0;1mSHOW FIELDS FROM users[0m


Processing UsersController#show (for 127.0.0.1 at 2006-01-18 11:54:13) [GET]
  Parameters: {"action"=>"show", "id"=>"1", "controller"=>"users"}
  [4;35;1mUser Load (0.000441)[0m   [0mSELECT * FROM users WHERE (users.id = '1') LIMIT 1[0m
Rendering  within layouts/users
Rendering users/show
Rendered users/_navi (0.00191)
Completed in 0.00798 (125 reqs/sec) | Rendering: 0.00573 (71%) | DB: 0.00141 (17%) | 200 OK [http://localhost/users/show/1]
  [4;36;1mUser Columns (0.000996)[0m   [0;1mSHOW FIELDS FROM users[0m


Processing TicketsController#list (for 127.0.0.1 at 2006-01-18 11:54:45) [GET]
  Parameters: {"action"=>"list", "controller"=>"tickets"}
  [4;35;1mTicket Count (0.000465)[0m   [0mSELECT COUNT(*) FROM tickets [0m
  [4;36;1mTicket Load (0.000259)[0m   [0;1mSELECT * FROM tickets LIMIT 0, 5[0m
Rendering  within layouts/tickets
Rendering tickets/list
Rendered tickets/_list (0.01504)
Rendered tickets/_list (0.00015)
Rendered tickets/_list (0.00009)
Rendered layouts/_navi (0.01066)
Completed in 0.08479 (11 reqs/sec) | Rendering: 0.07087 (83%) | DB: 0.00172 (2%) | 200 OK [http://localhost/tickets/list]
  [4;35;1mUser Columns (0.002379)[0m   [0mSHOW FIELDS FROM users[0m


Processing ClientsController#new (for 127.0.0.1 at 2006-01-18 11:54:55) [GET]
  Parameters: {"action"=>"new", "controller"=>"clients"}
  [4;36;1mClient Columns (0.000829)[0m   [0;1mSHOW FIELDS FROM clients[0m
Rendering  within layouts/clients
Rendering clients/new
Rendered clients/_navi (0.00475)
Rendered clients/_form (0.02123)
Completed in 0.07723 (12 reqs/sec) | Rendering: 0.05295 (68%) | DB: 0.00321 (4%) | 200 OK [http://localhost/clients/new]
  [4;35;1mUser Columns (0.000994)[0m   [0mSHOW FIELDS FROM users[0m


Processing ClientsController#create (for 127.0.0.1 at 2006-01-18 11:55:27) [POST]
  Parameters: {"user"=>"1", "commit"=>"Create", "client"=>{"client_ort"=>"dsasad", "client_strasse"=>"saddsa", "client_name"=>"Korndard", "client_plz"=>"2121321"}, "action"=>"create", "controller"=>"clients"}
  [4;36;1mClient Columns (0.000902)[0m   [0;1mSHOW FIELDS FROM clients[0m
  [4;35;1mUser Load (0.000442)[0m   [0mSELECT * FROM users WHERE (users.id = '1') LIMIT 1[0m
  [4;36;1mSQL (0.000070)[0m   [0;1mBEGIN[0m
  [4;35;1mSQL (0.000360)[0m   [0mINSERT INTO clients (`client_ort`, `client_telefon`, `created_on`, `client_email`, `client_strasse`, `client_fax`, `client_name`, `client_plz`, `updated_on`, `client_pic`, `user_id`) VALUES('dsasad', '', '2006-01-18 11:55:27', '', 'saddsa', '', 'Korndard', 2121321, '2006-01-18 11:55:27', NULL, 1)[0m
  [4;36;1mSQL (0.000831)[0m   [0;1mCOMMIT[0m
Redirected to http://localhost:3000/clients/list
Completed in 0.01684 (59 reqs/sec) | DB: 0.00360 (21%) | 302 Found [http://localhost/clients/create?user=1]
  [4;35;1mUser Columns (0.000966)[0m   [0mSHOW FIELDS FROM users[0m


Processing ClientsController#list (for 127.0.0.1 at 2006-01-18 11:55:27) [GET]
  Parameters: {"action"=>"list", "controller"=>"clients"}
  [4;36;1mClient Count (0.000304)[0m   [0;1mSELECT COUNT(*) FROM clients [0m
  [4;35;1mClient Load (0.000234)[0m   [0mSELECT * FROM clients LIMIT 0, 10[0m
Rendering  within layouts/clients
Rendering clients/list
Rendered clients/_navi (0.00230)
  [4;36;1mClient Columns (0.000923)[0m   [0;1mSHOW FIELDS FROM clients[0m
Completed in 0.02031 (49 reqs/sec) | Rendering: 0.00719 (35%) | DB: 0.00243 (11%) | 200 OK [http://localhost/clients/list]
  [4;35;1mUser Columns (0.000987)[0m   [0mSHOW FIELDS FROM users[0m


Processing TicketsController#list (for 127.0.0.1 at 2006-01-18 11:55:30) [GET]
  Parameters: {"action"=>"list", "controller"=>"tickets"}
  [4;36;1mTicket Count (0.000267)[0m   [0;1mSELECT COUNT(*) FROM tickets [0m
  [4;35;1mTicket Load (0.000212)[0m   [0mSELECT * FROM tickets LIMIT 0, 5[0m
Rendering  within layouts/tickets
Rendering tickets/list
Rendered tickets/_list (0.00016)
Rendered tickets/_list (0.00008)
Rendered tickets/_list (0.00008)
Rendered layouts/_navi (0.00220)
Completed in 0.01148 (87 reqs/sec) | Rendering: 0.00469 (40%) | DB: 0.00147 (12%) | 200 OK [http://localhost/tickets/list]
  [4;36;1mUser Columns (0.001007)[0m   [0;1mSHOW FIELDS FROM users[0m


Processing TicketsController#new (for 127.0.0.1 at 2006-01-18 11:55:31) [GET]
  Parameters: {"action"=>"new", "controller"=>"tickets"}
  [4;35;1mTicket Columns (0.000828)[0m   [0mSHOW FIELDS FROM tickets[0m
Rendering  within layouts/tickets
Rendering tickets/new
  [4;36;1mClient Load (0.000432)[0m   [0;1mSELECT * FROM clients ORDER BY client_name [0m
  [4;35;1mClient Columns (0.000825)[0m   [0mSHOW FIELDS FROM clients[0m
Rendered layouts/_navi (0.00208)
Completed in 0.02635 (37 reqs/sec) | Rendering: 0.01777 (67%) | DB: 0.00309 (11%) | 200 OK [http://localhost/tickets/new]
  [4;36;1mUser Columns (0.001024)[0m   [0;1mSHOW FIELDS FROM users[0m


Processing TicketsController#create (for 127.0.0.1 at 2006-01-18 11:55:42) [POST]
  Parameters: {"user"=>"1", "ticket"=>{"client_id"=>"1", "ticket_beschreibung"=>"asdkkxkcxycxy", "ticket_status"=>"0", "ticket_bezeichnung"=>"<h1>asd</h1>"}, "commit"=>"Create", "action"=>"create", "controller"=>"tickets"}
  [4;35;1mTicket Columns (0.000825)[0m   [0mSHOW FIELDS FROM tickets[0m
  [4;36;1mUser Load (0.000421)[0m   [0;1mSELECT * FROM users WHERE (users.id = '1') LIMIT 1[0m
  [4;35;1mUser Load (0.000298)[0m   [0mSELECT * FROM users WHERE (users.id = '1') LIMIT 1[0m
  [4;36;1mSQL (0.000061)[0m   [0;1mBEGIN[0m
  [4;35;1mSQL (0.000347)[0m   [0mINSERT INTO tickets (`created_on`, `updated_on`, `client_id`, `ticket_beschreibung`, `ticket_status`, `ticket_bezeichnung`, `ticket_wichtigkeit`, `user_id`, `betreuer_id`) VALUES('2006-01-18 11:55:42', '2006-01-18 11:55:42', 1, 'asdkkxkcxycxy', 0, '<h1>asd</h1>', 0, 1, 1)[0m
  [4;36;1mSQL (0.000794)[0m   [0;1mCOMMIT[0m
Redirected to http://localhost:3000/tickets/list
Completed in 0.01533 (65 reqs/sec) | DB: 0.00377 (24%) | 302 Found [http://localhost/tickets/create?user=1]
  [4;35;1mUser Columns (0.000997)[0m   [0mSHOW FIELDS FROM users[0m


Processing TicketsController#list (for 127.0.0.1 at 2006-01-18 11:55:42) [GET]
  Parameters: {"action"=>"list", "controller"=>"tickets"}
  [4;36;1mTicket Count (0.000282)[0m   [0;1mSELECT COUNT(*) FROM tickets [0m
  [4;35;1mTicket Load (0.000229)[0m   [0mSELECT * FROM tickets LIMIT 0, 5[0m
Rendering  within layouts/tickets
Rendering tickets/list
  [4;36;1mTicket Columns (0.000782)[0m   [0;1mSHOW FIELDS FROM tickets[0m
  [4;35;1mUser Load (0.000416)[0m   [0mSELECT * FROM users WHERE (users.id = 1) LIMIT 1[0m
  [4;36;1mClient Load (0.000399)[0m   [0;1mSELECT * FROM clients WHERE (clients.id = 1) LIMIT 1[0m
  [4;35;1mClient Columns (0.000831)[0m   [0mSHOW FIELDS FROM clients[0m
Rendered tickets/_list (0.01299)
  [4;36;1mUser Load (0.000421)[0m   [0;1mSELECT * FROM users WHERE (users.id = 1) LIMIT 1[0m
  [4;35;1mClient Load (0.000265)[0m   [0mSELECT * FROM clients WHERE (clients.id = 1) LIMIT 1[0m
Rendered tickets/_list (0.00333)
  [4;36;1mUser Load (0.000401)[0m   [0;1mSELECT * FROM users WHERE (users.id = 1) LIMIT 1[0m
  [4;35;1mClient Load (0.000265)[0m   [0mSELECT * FROM clients WHERE (clients.id = 1) LIMIT 1[0m
Rendered tickets/_list (0.00319)
Rendered layouts/_navi (0.00123)
Completed in 0.03003 (33 reqs/sec) | Rendering: 0.01932 (64%) | DB: 0.00529 (17%) | 200 OK [http://localhost/tickets/list]
  [4;36;1mUser Columns (0.000993)[0m   [0;1mSHOW FIELDS FROM users[0m


Processing TicketsController#show (for 127.0.0.1 at 2006-01-18 11:55:46) [GET]
  Parameters: {"action"=>"show", "id"=>"1", "controller"=>"tickets"}
  [4;35;1mTicket Load (0.000445)[0m   [0mSELECT * FROM tickets WHERE (tickets.id = '1') LIMIT 1[0m
Rendering  within layouts/tickets
Rendering tickets/show
  [4;36;1mTicket Columns (0.000935)[0m   [0;1mSHOW FIELDS FROM tickets[0m
  [4;35;1mUser Load (0.000978)[0m   [0mSELECT * FROM users WHERE (users.id = 1) LIMIT 1[0m
  [4;36;1mUser Load (0.001530)[0m   [0;1mSELECT * FROM users WHERE (users.id = 1) LIMIT 1[0m
  [4;35;1mClient Load (0.000393)[0m   [0mSELECT * FROM clients WHERE (clients.id = 1) LIMIT 1[0m
  [4;36;1mClient Columns (0.000815)[0m   [0;1mSHOW FIELDS FROM clients[0m
Rendered layouts/_navi (0.00120)
Completed in 0.18124 (5 reqs/sec) | Rendering: 0.06126 (33%) | DB: 0.00609 (3%) | 200 OK [http://localhost/tickets/show/1]
  [4;35;1mUser Columns (0.000928)[0m   [0mSHOW FIELDS FROM users[0m


Processing WorkflowsController#new (for 127.0.0.1 at 2006-01-18 11:55:50) [POST]
  Parameters: {"grund"=>"schliessen", "ticket"=>"1", "action"=>"new", "controller"=>"workflows"}
  [4;36;1mTicket Load (0.000378)[0m   [0;1mSELECT * FROM tickets WHERE (tickets.id = '1') LIMIT 1[0m
  [4;35;1mTicket Columns (0.001675)[0m   [0mSHOW FIELDS FROM tickets[0m
Rendered workflows/_form (0.03162)
Completed in 0.03459 (28 reqs/sec) | DB: 0.00298 (8%) | 200 OK [http://localhost/workflows/new?ticket=1&grund=schliessen]
  [4;36;1mUser Columns (0.000989)[0m   [0;1mSHOW FIELDS FROM users[0m


Processing WorkflowsController#new_zuweisen (for 127.0.0.1 at 2006-01-18 11:55:53) [POST]
  Parameters: {"grund"=>"zuweisen", "ticket"=>"1", "action"=>"new_zuweisen", "controller"=>"workflows"}
  [4;35;1mTicket Load (0.000425)[0m   [0mSELECT * FROM tickets WHERE (tickets.id = '1') LIMIT 1[0m
  [4;36;1mTicket Columns (0.000885)[0m   [0;1mSHOW FIELDS FROM tickets[0m
Rendered workflows/_tmpl_zuweisen (0.03430)
Completed in 0.04336 (23 reqs/sec) | DB: 0.00230 (5%) | 200 OK [http://localhost/workflows/new_zuweisen?ticket=1&grund=zuweisen]
  [4;35;1mUser Columns (0.000988)[0m   [0mSHOW FIELDS FROM users[0m


Processing WorkflowsController#search (for 127.0.0.1 at 2006-01-18 11:55:57) [POST]
  Parameters: {"Be"=>"", "action"=>"search", "controller"=>"workflows"}
  [4;36;1mUser Load (0.000503)[0m   [0;1mSELECT * FROM users ORDER BY user_name [0m
Rendering workflows/search
Completed in 0.05982 (16 reqs/sec) | Rendering: 0.05632 (94%) | DB: 0.00149 (2%) | 200 OK [http://localhost/workflows/search]
  [4;35;1mUser Columns (0.000977)[0m   [0mSHOW FIELDS FROM users[0m


Processing WorkflowsController#search (for 127.0.0.1 at 2006-01-18 11:55:58) [POST]
  Parameters: {"B"=>"", "action"=>"search", "controller"=>"workflows"}
  [4;36;1mUser Load (0.000481)[0m   [0;1mSELECT * FROM users ORDER BY user_name [0m
Rendering workflows/search
Completed in 0.00376 (266 reqs/sec) | Rendering: 0.00050 (13%) | DB: 0.00146 (38%) | 200 OK [http://localhost/workflows/search]
  [4;35;1mUser Columns (0.000992)[0m   [0mSHOW FIELDS FROM users[0m


Processing WorkflowsController#search (for 127.0.0.1 at 2006-01-18 11:55:59) [POST]
  Parameters: {"action"=>"search", "controller"=>"workflows"}
  [4;36;1mUser Load (0.000452)[0m   [0;1mSELECT * FROM users ORDER BY user_name [0m
Rendering workflows/search
Completed in 0.00450 (222 reqs/sec) | Rendering: 0.00100 (22%) | DB: 0.00144 (32%) | 200 OK [http://localhost/workflows/search]
  [4;35;1mUser Columns (0.001101)[0m   [0mSHOW FIELDS FROM users[0m


Processing WorkflowsController#create (for 127.0.0.1 at 2006-01-18 11:56:12) [POST]
  Parameters: {"user"=>"1", "grund"=>"4", "ticket"=>"1", "commit"=>"Eintragen!", "beschreibung"=>"Zugewiesen: Unnd noch ein paar tips", "action"=>"create", "ticket_status"=>"1", "controller"=>"workflows", "betreuer_id"=>"1"}
  [4;36;1mTicket Load (0.016677)[0m   [0;1mSELECT * FROM tickets WHERE (tickets.id = '1') LIMIT 1[0m
Completed in 0.06102 (16 reqs/sec) | Rendering: 0.00009 (0%) | DB: 0.01778 (29%) | 200 OK [http://localhost/workflows/create?ticket_status=1&ticket=1&user=1&grund=4]
  [4;35;1mUser Columns (0.000965)[0m   [0mSHOW FIELDS FROM users[0m


Processing WorkflowsController#new (for 127.0.0.1 at 2006-01-18 11:56:33) [POST]
  Parameters: {"grund"=>"schliessen", "ticket"=>"1", "action"=>"new", "controller"=>"workflows"}
  [4;36;1mTicket Load (0.000441)[0m   [0;1mSELECT * FROM tickets WHERE (tickets.id = '1') LIMIT 1[0m
  [4;35;1mTicket Columns (0.000815)[0m   [0mSHOW FIELDS FROM tickets[0m
Rendered workflows/_form (0.00566)
Completed in 0.01228 (81 reqs/sec) | DB: 0.00222 (18%) | 200 OK [http://localhost/workflows/new?ticket=1&grund=schliessen]
  [4;36;1mUser Columns (0.000973)[0m   [0;1mSHOW FIELDS FROM users[0m


Processing UsersController#show (for 127.0.0.1 at 2006-01-18 11:57:14) [GET]
  Parameters: {"action"=>"show", "id"=>"1", "controller"=>"users"}
  [4;35;1mUser Load (0.000505)[0m   [0mSELECT * FROM users WHERE (users.id = '1') LIMIT 1[0m
Rendering  within layouts/users
Rendering users/show
Rendered users/_navi (0.00206)
Completed in 0.00848 (117 reqs/sec) | Rendering: 0.00607 (71%) | DB: 0.00148 (17%) | 200 OK [http://localhost/users/show/1]
  [4;36;1mUser Columns (0.000973)[0m   [0;1mSHOW FIELDS FROM users[0m


Processing UsersController#show (for 127.0.0.1 at 2006-01-18 11:57:39) [GET]
  Parameters: {"action"=>"show", "id"=>"1", "controller"=>"users"}
  [4;35;1mUser Load (0.000478)[0m   [0mSELECT * FROM users WHERE (users.id = '1') LIMIT 1[0m
Rendering  within layouts/users
Rendering users/show
Rendered users/_navi (0.00196)
Completed in 0.00814 (122 reqs/sec) | Rendering: 0.00576 (70%) | DB: 0.00145 (17%) | 200 OK [http://localhost/users/show/1]
  [4;36;1mUser Columns (0.000991)[0m   [0;1mSHOW FIELDS FROM users[0m


Processing ClientsController#show (for 127.0.0.1 at 2006-01-18 11:57:46) [GET]
  Parameters: {"action"=>"show", "id"=>"1", "controller"=>"clients"}
  [4;35;1mClient Load (0.000416)[0m   [0mSELECT * FROM clients WHERE (clients.id = '1') LIMIT 1[0m
  [4;36;1mClient Columns (0.000870)[0m   [0;1mSHOW FIELDS FROM clients[0m
  [4;35;1mReport Load (0.000459)[0m   [0mSELECT * FROM reports WHERE (client_id IN (1)) [0m
Rendering  within layouts/clients
Rendering clients/show
Rendered clients/_navi (0.00214)
Completed in 0.05893 (16 reqs/sec) | Rendering: 0.04532 (76%) | DB: 0.00274 (4%) | 200 OK [http://localhost/clients/show/1]
  [4;36;1mUser Columns (0.001594)[0m   [0;1mSHOW FIELDS FROM users[0m


Processing ClientsController#upload_status (for 127.0.0.1 at 2006-01-18 11:58:12) [POST]
  Parameters: {"action"=>"upload_status", "controller"=>"clients", "upload_id"=>"3"}
Completed in 0.00992 (100 reqs/sec) | Rendering: 0.00053 (5%) | DB: 0.00159 (16%) | 200 OK [http://localhost/clients/upload_status?upload_id=3]
  [4;35;1mUser Columns (0.026725)[0m   [0mSHOW FIELDS FROM users[0m
Multipart upload with progress (id: 3, size: 2452)
Finished processing multipart upload in 0.009325s


Processing ReportsController#create (for 127.0.0.1 at 2006-01-18 11:58:12) [POST]
  Parameters: {"user"=>"1", "commit"=>"Upload", "client_id"=>"1", "action"=>"create", "controller"=>"reports", "upload_id"=>"3", "report"=>{"beschreibung"=>"Dokumentation", "datei"=>#<StringIO:0xb74388c0>}}
  [4;36;1mReport Columns (0.003239)[0m   [0;1mSHOW FIELDS FROM reports[0m
  [4;35;1mUser Load (0.003324)[0m   [0mSELECT * FROM users WHERE (users.id = '1') LIMIT 1[0m
  [4;36;1mSQL (0.000133)[0m   [0;1mBEGIN[0m
  [4;35;1mSQL (0.000360)[0m   [0mINSERT INTO reports (`created_on`, `beschreibung`, `updated_on`, `client_id`, `datei`, `user_id`) VALUES('2006-01-18 11:58:12', 'Dokumentation', '2006-01-18 11:58:12', '1', 'beispiel.tex', 1)[0m
  [4;36;1mSQL (0.001537)[0m   [0;1mCOMMIT[0m
Completed in 0.03516 (28 reqs/sec) | Rendering: 0.00058 (1%) | DB: 0.00000 (0%) | 200 OK [http://localhost/reports/create?client_id=1&user=1&upload_id=3]
  [4;35;1mUser Columns (0.000992)[0m   [0mSHOW FIELDS FROM users[0m


Processing ClientsController#show (for 127.0.0.1 at 2006-01-18 11:58:14) [GET]
  Parameters: {"action"=>"show", "id"=>"1", "controller"=>"clients"}
  [4;36;1mClient Load (0.000444)[0m   [0;1mSELECT * FROM clients WHERE (clients.id = '1') LIMIT 1[0m
  [4;35;1mClient Columns (0.000881)[0m   [0mSHOW FIELDS FROM clients[0m
  [4;36;1mReport Load (0.000337)[0m   [0;1mSELECT * FROM reports WHERE (client_id IN (1)) [0m
Rendering  within layouts/clients
Rendering clients/show
Rendered clients/_navi (0.00228)
  [4;35;1mReport Columns (0.000809)[0m   [0mSHOW FIELDS FROM reports[0m
  [4;36;1mUser Load (0.000402)[0m   [0;1mSELECT * FROM users WHERE (id = 1) LIMIT 1[0m
Completed in 0.02623 (38 reqs/sec) | Rendering: 0.01093 (41%) | DB: 0.00387 (14%) | 200 OK [http://localhost/clients/show/1]
  [4;35;1mUser Columns (0.000966)[0m   [0mSHOW FIELDS FROM users[0m


Processing ClientsController#update_c_name (for 127.0.0.1 at 2006-01-18 12:01:23) [POST]
  Parameters: {""=>"ok", "action"=>"update_c_name", "id"=>" 1", "value"=>"21213", "controller"=>"clients"}


ActionController::UnknownAction (No action responded to update_c_name):
    /usr/lib/ruby/gems/1.8/gems/actionpack-1.11.2/lib/action_controller/filters.rb:332:in `perform_action_without_benchmark'
    /usr/lib/ruby/gems/1.8/gems/actionpack-1.11.2/lib/action_controller/benchmarking.rb:69:in `perform_action_without_rescue'
    /usr/lib/ruby/1.8/benchmark.rb:293:in `measure'
    /usr/lib/ruby/gems/1.8/gems/actionpack-1.11.2/lib/action_controller/benchmarking.rb:69:in `perform_action_without_rescue'
    /usr/lib/ruby/gems/1.8/gems/actionpack-1.11.2/lib/action_controller/rescue.rb:82:in `perform_action'
    /usr/lib/ruby/gems/1.8/gems/actionpack-1.11.2/lib/action_controller/base.rb:369:in `process_without_session_management_support'
    /usr/lib/ruby/gems/1.8/gems/actionpack-1.11.2/lib/action_controller/session_management.rb:116:in `process'
    /usr/lib/ruby/gems/1.8/gems/rails-1.0.0/lib/dispatcher.rb:38:in `dispatch'
    /usr/lib/ruby/gems/1.8/gems/rails-1.0.0/lib/webrick_server.rb:117:in `handle_dispatch'
    /usr/lib/ruby/gems/1.8/gems/rails-1.0.0/lib/webrick_server.rb:83:in `service'
    /usr/lib/ruby/1.8/webrick/httpserver.rb:104:in `service'
    /usr/lib/ruby/1.8/webrick/httpserver.rb:65:in `run'
    /usr/lib/ruby/1.8/webrick/server.rb:173:in `start_thread'
    /usr/lib/ruby/1.8/webrick/server.rb:162:in `start_thread'
    /usr/lib/ruby/1.8/webrick/server.rb:95:in `start'
    /usr/lib/ruby/1.8/webrick/server.rb:92:in `start'
    /usr/lib/ruby/1.8/webrick/server.rb:23:in `start'
    /usr/lib/ruby/1.8/webrick/server.rb:82:in `start'
    /usr/lib/ruby/gems/1.8/gems/rails-1.0.0/lib/webrick_server.rb:69:in `dispatch'
    /usr/lib/ruby/gems/1.8/gems/rails-1.0.0/lib/commands/servers/webrick.rb:59
    /usr/lib/ruby/site_ruby/1.8/rubygems/custom_require.rb:21:in `require'
    /usr/lib/ruby/gems/1.8/gems/activesupport-1.2.5/lib/active_support/dependencies.rb:214:in `require'
    /usr/lib/ruby/gems/1.8/gems/rails-1.0.0/lib/commands/server.rb:28
    /usr/lib/ruby/site_ruby/1.8/rubygems/custom_require.rb:21:in `require'
    /usr/lib/ruby/gems/1.8/gems/activesupport-1.2.5/lib/active_support/dependencies.rb:214:in `require'
    ./script/server:3


Rendering /usr/lib/ruby/gems/1.8/gems/actionpack-1.11.2/lib/action_controller/templates/rescues/layout.rhtml (404 Page Not Found)
  [4;36;1mUser Columns (0.000977)[0m   [0;1mSHOW FIELDS FROM users[0m


Processing ClientsController#show (for 127.0.0.1 at 2006-01-18 12:01:35) [GET]
  Parameters: {"action"=>"show", "id"=>"1", "controller"=>"clients"}
  [4;35;1mClient Load (0.000447)[0m   [0mSELECT * FROM clients WHERE (clients.id = '1') LIMIT 1[0m
  [4;36;1mClient Columns (0.000881)[0m   [0;1mSHOW FIELDS FROM clients[0m
  [4;35;1mReport Load (0.000350)[0m   [0mSELECT * FROM reports WHERE (client_id IN (1)) [0m
Rendering  within layouts/clients
Rendering clients/show
Rendered clients/_navi (0.00218)
  [4;36;1mReport Columns (0.000803)[0m   [0;1mSHOW FIELDS FROM reports[0m
  [4;35;1mUser Load (0.000438)[0m   [0mSELECT * FROM users WHERE (id = 1) LIMIT 1[0m
Completed in 0.02546 (39 reqs/sec) | Rendering: 0.01080 (42%) | DB: 0.00486 (19%) | 200 OK [http://localhost/clients/show/1]
  [4;36;1mUser Columns (0.000958)[0m   [0;1mSHOW FIELDS FROM users[0m


Processing TicketsController#list (for 127.0.0.1 at 2006-01-18 12:04:35) [GET]
  Parameters: {"action"=>"list", "controller"=>"tickets"}
  [4;35;1mTicket Count (0.000291)[0m   [0mSELECT COUNT(*) FROM tickets [0m
  [4;36;1mTicket Load (0.000246)[0m   [0;1mSELECT * FROM tickets LIMIT 0, 5[0m
Rendering  within layouts/tickets
Rendering tickets/list
  [4;35;1mTicket Columns (0.000776)[0m   [0mSHOW FIELDS FROM tickets[0m
  [4;36;1mUser Load (0.000417)[0m   [0;1mSELECT * FROM users WHERE (users.id = 1) LIMIT 1[0m
  [4;35;1mClient Load (0.000376)[0m   [0mSELECT * FROM clients WHERE (clients.id = 1) LIMIT 1[0m
  [4;36;1mClient Columns (0.000819)[0m   [0;1mSHOW FIELDS FROM clients[0m
Rendered tickets/_list (0.01294)
  [4;35;1mUser Load (0.000428)[0m   [0mSELECT * FROM users WHERE (users.id = 1) LIMIT 1[0m
  [4;36;1mClient Load (0.000263)[0m   [0;1mSELECT * FROM clients WHERE (clients.id = 1) LIMIT 1[0m
Rendered tickets/_list (0.00338)
  [4;35;1mUser Load (0.000353)[0m   [0mSELECT * FROM users WHERE (users.id = 1) LIMIT 1[0m
  [4;36;1mClient Load (0.000252)[0m   [0;1mSELECT * FROM clients WHERE (clients.id = 1) LIMIT 1[0m
Rendered tickets/_list (0.00322)
Rendered layouts/_navi (0.00113)
Completed in 0.03041 (32 reqs/sec) | Rendering: 0.01929 (63%) | DB: 0.00518 (17%) | 200 OK [http://localhost/tickets/list]
  [4;35;1mUser Columns (0.000995)[0m   [0mSHOW FIELDS FROM users[0m


Processing UsersController#show (for 127.0.0.1 at 2006-01-18 12:04:42) [GET]
  Parameters: {"action"=>"show", "id"=>"1", "controller"=>"users"}
  [4;36;1mUser Load (0.000456)[0m   [0;1mSELECT * FROM users WHERE (users.id = '1') LIMIT 1[0m
Rendering  within layouts/users
Rendering users/show
Rendered users/_navi (0.00202)
Completed in 0.00833 (120 reqs/sec) | Rendering: 0.00599 (71%) | DB: 0.00145 (17%) | 200 OK [http://localhost/users/show/1]
  [4;35;1mUser Columns (0.000921)[0m   [0mSHOW FIELDS FROM users[0m


Processing UsersController#update_strasse (for 127.0.0.1 at 2006-01-18 12:04:50) [POST]
  Parameters: {""=>"ok", "action"=>"update_strasse", "id"=>"1", "value"=>"Lempstrasse 14", "controller"=>"users"}
  [4;36;1mUser Load (0.000566)[0m   [0;1mSELECT * FROM users WHERE (users.id = '1') LIMIT 1[0m
  [4;35;1mSQL (0.000068)[0m   [0mBEGIN[0m
  [4;36;1mUser Load (0.000305)[0m   [0;1mSELECT * FROM users WHERE (users.id = 1) LIMIT 1[0m
  [4;35;1mUser Update (0.000387)[0m   [0mUPDATE users SET `user_plz` = 12333, `user_klasse` = 'cnws02', `user_name` = 'Huth', `login` = 'test1', `user_email` = 'marco@gmail.com', `user_ort` = 'operaasl', `user_telefon` = '', `user_vorname` = 'Peter', `user_rule` = 5, `updated_on` = '2006-01-18 12:04:50', `password` = 'de777208f8c01a55973da1707d188ffbadd10052', `user_strasse` = 'Lempstrasse 14', `user_pic` = 'Bild_2_.jpg', `created_on` = '2006-01-18 11:51:12' WHERE id = 1[0m
  [4;36;1mSQL (0.000839)[0m   [0;1mCOMMIT[0m
Completed in 0.00863 (115 reqs/sec) | Rendering: 0.00060 (6%) | DB: 0.00309 (35%) | 200 OK [http://localhost/users/update_strasse/1]
  [4;35;1mUser Columns (0.001014)[0m   [0mSHOW FIELDS FROM users[0m


Processing TicketsController#list (for 127.0.0.1 at 2006-01-18 12:10:05) [GET]
  Parameters: {"action"=>"list", "controller"=>"tickets"}
  [4;36;1mTicket Count (0.000332)[0m   [0;1mSELECT COUNT(*) FROM tickets [0m
  [4;35;1mTicket Load (0.000223)[0m   [0mSELECT * FROM tickets LIMIT 0, 5[0m
Rendering  within layouts/tickets
Rendering tickets/list
  [4;36;1mTicket Columns (0.000797)[0m   [0;1mSHOW FIELDS FROM tickets[0m
  [4;35;1mUser Load (0.000422)[0m   [0mSELECT * FROM users WHERE (users.id = 1) LIMIT 1[0m
  [4;36;1mClient Load (0.000387)[0m   [0;1mSELECT * FROM clients WHERE (clients.id = 1) LIMIT 1[0m
  [4;35;1mClient Columns (0.000801)[0m   [0mSHOW FIELDS FROM clients[0m
Rendered tickets/_list (0.01433)
  [4;36;1mUser Load (0.000436)[0m   [0;1mSELECT * FROM users WHERE (users.id = 1) LIMIT 1[0m
  [4;35;1mClient Load (0.000263)[0m   [0mSELECT * FROM clients WHERE (clients.id = 1) LIMIT 1[0m
Rendered tickets/_list (0.00330)
  [4;36;1mUser Load (0.000388)[0m   [0;1mSELECT * FROM users WHERE (users.id = 1) LIMIT 1[0m
  [4;35;1mClient Load (0.000253)[0m   [0mSELECT * FROM clients WHERE (clients.id = 1) LIMIT 1[0m
Rendered tickets/_list (0.00330)
Rendered layouts/_navi (0.00112)
Completed in 0.03294 (30 reqs/sec) | Rendering: 0.02068 (62%) | DB: 0.00532 (16%) | 200 OK [http://localhost/tickets/list]
  [4;36;1mUser Columns (0.003116)[0m   [0;1mSHOW FIELDS FROM users[0m


Processing TicketsController#show (for 127.0.0.1 at 2006-01-18 12:10:09) [GET]
  Parameters: {"action"=>"show", "id"=>"1", "controller"=>"tickets"}
  [4;35;1mTicket Load (0.000480)[0m   [0mSELECT * FROM tickets WHERE (tickets.id = '1') LIMIT 1[0m
Rendering  within layouts/tickets
Rendering tickets/show
  [4;36;1mTicket Columns (0.001099)[0m   [0;1mSHOW FIELDS FROM tickets[0m
  [4;35;1mUser Load (0.002002)[0m   [0mSELECT * FROM users WHERE (users.id = 1) LIMIT 1[0m
  [4;36;1mUser Load (0.009384)[0m   [0;1mSELECT * FROM users WHERE (users.id = 1) LIMIT 1[0m
  [4;35;1mClient Load (0.000404)[0m   [0mSELECT * FROM clients WHERE (clients.id = 1) LIMIT 1[0m
  [4;36;1mClient Columns (0.000836)[0m   [0;1mSHOW FIELDS FROM clients[0m
Rendered layouts/_navi (0.00121)
Completed in 0.04917 (20 reqs/sec) | Rendering: 0.01628 (33%) | DB: 0.01732 (35%) | 200 OK [http://localhost/tickets/show/1]
  [4;35;1mUser Columns (0.000993)[0m   [0mSHOW FIELDS FROM users[0m


Processing TicketsController#show (for 127.0.0.1 at 2006-01-18 12:10:10) [GET]
  Parameters: {"action"=>"show", "id"=>"1", "controller"=>"tickets"}
  [4;36;1mTicket Load (0.000396)[0m   [0;1mSELECT * FROM tickets WHERE (tickets.id = '1') LIMIT 1[0m
Rendering  within layouts/tickets
Rendering tickets/show
  [4;35;1mTicket Columns (0.001204)[0m   [0mSHOW FIELDS FROM tickets[0m
  [4;36;1mUser Load (0.000482)[0m   [0;1mSELECT * FROM users WHERE (users.id = 1) LIMIT 1[0m
  [4;35;1mUser Load (0.000469)[0m   [0mSELECT * FROM users WHERE (users.id = 1) LIMIT 1[0m
  [4;36;1mClient Load (0.000379)[0m   [0;1mSELECT * FROM clients WHERE (clients.id = 1) LIMIT 1[0m
  [4;35;1mClient Columns (0.000795)[0m   [0mSHOW FIELDS FROM clients[0m
Rendered layouts/_navi (0.00132)
Completed in 0.03816 (26 reqs/sec) | Rendering: 0.02516 (65%) | DB: 0.00472 (12%) | 200 OK [http://localhost/tickets/show/1]
  [4;36;1mUser Columns (0.001416)[0m   [0;1mSHOW FIELDS FROM users[0m


Processing TicketsController#index (for 127.0.0.1 at 2006-01-18 12:10:50) [GET]
  Parameters: {"action"=>"index", "controller"=>"tickets"}
  [4;35;1mTicket Count (0.000281)[0m   [0mSELECT COUNT(*) FROM tickets [0m
  [4;36;1mTicket Load (0.000248)[0m   [0;1mSELECT * FROM tickets LIMIT 0, 5[0m
Rendering actionlistlayoutfalse within layouts/tickets
Rendering tickets/list
  [4;35;1mTicket Columns (0.000779)[0m   [0mSHOW FIELDS FROM tickets[0m
  [4;36;1mUser Load (0.000423)[0m   [0;1mSELECT * FROM users WHERE (users.id = 1) LIMIT 1[0m
  [4;35;1mClient Load (0.000380)[0m   [0mSELECT * FROM clients WHERE (clients.id = 1) LIMIT 1[0m
  [4;36;1mClient Columns (0.000877)[0m   [0;1mSHOW FIELDS FROM clients[0m
Rendered tickets/_list (0.01342)
  [4;35;1mUser Load (0.000461)[0m   [0mSELECT * FROM users WHERE (users.id = 1) LIMIT 1[0m
  [4;36;1mClient Load (0.000264)[0m   [0;1mSELECT * FROM clients WHERE (clients.id = 1) LIMIT 1[0m
Rendered tickets/_list (0.00341)
  [4;35;1mUser Load (0.000372)[0m   [0mSELECT * FROM users WHERE (users.id = 1) LIMIT 1[0m
  [4;36;1mClient Load (0.000522)[0m   [0;1mSELECT * FROM clients WHERE (clients.id = 1) LIMIT 1[0m
Rendered tickets/_list (0.10699)
Rendered layouts/_navi (0.00130)
Completed in 0.13561 (7 reqs/sec) | Rendering: 0.12373 (91%) | DB: 0.00602 (4%) | 200 OK [http://localhost/tickets/]
  [4;35;1mUser Columns (0.000965)[0m   [0mSHOW FIELDS FROM users[0m


Processing TicketsController#show (for 127.0.0.1 at 2006-01-18 12:15:21) [GET]
  Parameters: {"action"=>"show", "id"=>"1", "controller"=>"tickets"}
  [4;36;1mTicket Load (0.000411)[0m   [0;1mSELECT * FROM tickets WHERE (tickets.id = '1') LIMIT 1[0m
Rendering  within layouts/tickets
Rendering tickets/show
  [4;35;1mTicket Columns (0.000755)[0m   [0mSHOW FIELDS FROM tickets[0m
  [4;36;1mUser Load (0.000409)[0m   [0;1mSELECT * FROM users WHERE (users.id = 1) LIMIT 1[0m
  [4;35;1mUser Load (0.000301)[0m   [0mSELECT * FROM users WHERE (users.id = 1) LIMIT 1[0m
  [4;36;1mClient Load (0.000368)[0m   [0;1mSELECT * FROM clients WHERE (clients.id = 1) LIMIT 1[0m
  [4;35;1mClient Columns (0.000759)[0m   [0mSHOW FIELDS FROM clients[0m
Rendered layouts/_navi (0.00112)
Completed in 0.02583 (38 reqs/sec) | Rendering: 0.01634 (63%) | DB: 0.00397 (15%) | 200 OK [http://localhost/tickets/show/1]
  [4;36;1mUser Columns (0.000964)[0m   [0;1mSHOW FIELDS FROM users[0m


Processing UsersController#show (for 127.0.0.1 at 2006-01-18 12:15:25) [GET]
  Parameters: {"action"=>"show", "id"=>"1", "controller"=>"users"}
  [4;35;1mUser Load (0.000451)[0m   [0mSELECT * FROM users WHERE (users.id = '1') LIMIT 1[0m
Rendering  within layouts/users
Rendering users/show
Rendered users/_navi (0.00192)
Completed in 0.00807 (123 reqs/sec) | Rendering: 0.00581 (72%) | DB: 0.00141 (17%) | 200 OK [http://localhost/users/show/1]
  [4;36;1mUser Columns (0.000999)[0m   [0;1mSHOW FIELDS FROM users[0m
Multipart upload with progress (id: 4, size: 199018)
Finished processing multipart upload in 0.016613s


Processing UsersController#update_pic (for 127.0.0.1 at 2006-01-18 12:15:45) [POST]
  Parameters: {"user"=>{"user_pic"=>#<File:/tmp/CGI10269.0>}, "commit"=>"Upload", "action"=>"update_pic", "id"=>"1", "controller"=>"users", "upload_id"=>"4"}
  [4;35;1mUser Load (0.000483)[0m   [0mSELECT * FROM users WHERE (users.id = '1') LIMIT 1[0m
  [4;36;1mSQL (0.000185)[0m   [0;1mBEGIN[0m
  [4;35;1mUser Load (0.000660)[0m   [0mSELECT * FROM users WHERE (users.id = 1) LIMIT 1[0m
  [4;36;1mUser Update (0.000762)[0m   [0;1mUPDATE users SET `user_plz` = 12333, `user_klasse` = 'cnws02', `user_name` = 'Huth', `login` = 'test1', `user_email` = 'marco@gmail.com', `user_ort` = 'operaasl', `user_telefon` = '', `user_vorname` = 'Peter', `user_rule` = 5, `updated_on` = '2006-01-18 12:15:45', `password` = 'de777208f8c01a55973da1707d188ffbadd10052', `user_strasse` = 'Lempstrasse 14', `user_pic` = 'dsc00059.jpg', `created_on` = '2006-01-18 11:51:12' WHERE id = 1[0m
  [4;35;1mSQL (0.001236)[0m   [0mCOMMIT[0m
Redirected to http://localhost:3000/users/show/1
Completed in 0.16159 (6 reqs/sec) | Rendering: 0.00047 (0%) | DB: 0.00432 (2%) | 200 OK [http://localhost/users/update_pic/1?upload_id=4]
  [4;36;1mUser Columns (0.001001)[0m   [0;1mSHOW FIELDS FROM users[0m


Processing UsersController#upload_status (for 127.0.0.1 at 2006-01-18 12:15:46) [POST]
  Parameters: {"action"=>"upload_status", "controller"=>"users", "upload_id"=>"4"}
Completed in 0.00233 (428 reqs/sec) | Rendering: 0.00091 (38%) | DB: 0.00100 (42%) | 200 OK [http://localhost/users/upload_status?upload_id=4]
  [4;35;1mUser Columns (0.001004)[0m   [0mSHOW FIELDS FROM users[0m


Processing UsersController#show (for 127.0.0.1 at 2006-01-18 12:15:46) [GET]
  Parameters: {"action"=>"show", "id"=>"1", "controller"=>"users"}
  [4;36;1mUser Load (0.000456)[0m   [0;1mSELECT * FROM users WHERE (users.id = '1') LIMIT 1[0m
Rendering  within layouts/users
Rendering users/show
Rendered users/_navi (0.00192)
Completed in 0.00815 (122 reqs/sec) | Rendering: 0.00573 (70%) | DB: 0.00146 (17%) | 200 OK [http://localhost/users/show/1]
  [4;35;1mUser Columns (0.000979)[0m   [0mSHOW FIELDS FROM users[0m


Processing ClientsController#index (for 127.0.0.1 at 2006-01-18 12:16:00) [GET]
  Parameters: {"action"=>"index", "controller"=>"clients"}
  [4;36;1mClient Count (0.000315)[0m   [0;1mSELECT COUNT(*) FROM clients [0m
  [4;35;1mClient Load (0.000252)[0m   [0mSELECT * FROM clients LIMIT 0, 10[0m
Rendering actionlistlayoutfalse within layouts/clients
Rendering clients/list
Rendered clients/_navi (0.00229)
  [4;36;1mClient Columns (0.000928)[0m   [0;1mSHOW FIELDS FROM clients[0m
Completed in 0.01821 (54 reqs/sec) | Rendering: 0.00740 (40%) | DB: 0.00247 (13%) | 200 OK [http://localhost/clients]
  [4;35;1mUser Columns (0.000955)[0m   [0mSHOW FIELDS FROM users[0m


Processing ClientsController#show (for 127.0.0.1 at 2006-01-18 12:16:02) [GET]
  Parameters: {"action"=>"show", "id"=>"1", "controller"=>"clients"}
  [4;36;1mClient Load (0.000409)[0m   [0;1mSELECT * FROM clients WHERE (clients.id = '1') LIMIT 1[0m
  [4;35;1mClient Columns (0.001048)[0m   [0mSHOW FIELDS FROM clients[0m
  [4;36;1mReport Load (0.000373)[0m   [0;1mSELECT * FROM reports WHERE (client_id IN (1)) [0m
Rendering  within layouts/clients
Rendering clients/show
Rendered clients/_navi (0.00215)
  [4;35;1mReport Columns (0.000781)[0m   [0mSHOW FIELDS FROM reports[0m
  [4;36;1mUser Load (0.000418)[0m   [0;1mSELECT * FROM users WHERE (id = 1) LIMIT 1[0m
Completed in 0.02598 (38 reqs/sec) | Rendering: 0.01083 (41%) | DB: 0.00398 (15%) | 200 OK [http://localhost/clients/show/1]
  [4;35;1mUser Columns (0.001004)[0m   [0mSHOW FIELDS FROM users[0m


Processing ClientsController#upload_status (for 127.0.0.1 at 2006-01-18 12:17:37) [POST]
  Parameters: {"action"=>"upload_status", "controller"=>"clients", "upload_id"=>"6"}
Completed in 0.00163 (614 reqs/sec) | Rendering: 0.00040 (24%) | DB: 0.00100 (61%) | 200 OK [http://localhost/clients/upload_status?upload_id=6]
  [4;36;1mUser Columns (0.000992)[0m   [0;1mSHOW FIELDS FROM users[0m
Multipart upload with progress (id: 6, size: 62233)
Finished processing multipart upload in 0.131638s


Processing ReportsController#create (for 127.0.0.1 at 2006-01-18 12:17:37) [POST]
  Parameters: {"user"=>"1", "commit"=>"Upload", "client_id"=>"1", "action"=>"create", "controller"=>"reports", "upload_id"=>"6", "report"=>{"beschreibung"=>"das ist eine doku", "datei"=>#<File:/tmp/CGI10269.1>}}
  [4;35;1mReport Columns (0.000745)[0m   [0mSHOW FIELDS FROM reports[0m
  [4;36;1mUser Load (0.000862)[0m   [0;1mSELECT * FROM users WHERE (users.id = '1') LIMIT 1[0m
  [4;35;1mSQL (0.000196)[0m   [0mBEGIN[0m
  [4;36;1mSQL (0.000330)[0m   [0;1mINSERT INTO reports (`created_on`, `beschreibung`, `updated_on`, `client_id`, `datei`, `user_id`) VALUES('2006-01-18 12:17:37', 'das ist eine doku', '2006-01-18 12:17:37', '1', 'beispiel.pdf', 1)[0m
  [4;35;1mSQL (0.001697)[0m   [0mCOMMIT[0m
Completed in 0.05023 (19 reqs/sec) | Rendering: 0.00025 (0%) | DB: 0.00000 (0%) | 200 OK [http://localhost/reports/create?client_id=1&user=1&upload_id=6]
  [4;36;1mUser Columns (0.001006)[0m   [0;1mSHOW FIELDS FROM users[0m


Processing ClientsController#show (for 127.0.0.1 at 2006-01-18 12:17:39) [GET]
  Parameters: {"action"=>"show", "id"=>"1", "controller"=>"clients"}
  [4;35;1mClient Load (0.000410)[0m   [0mSELECT * FROM clients WHERE (clients.id = '1') LIMIT 1[0m
  [4;36;1mClient Columns (0.000908)[0m   [0;1mSHOW FIELDS FROM clients[0m
  [4;35;1mReport Load (0.000342)[0m   [0mSELECT * FROM reports WHERE (client_id IN (1)) [0m
Rendering  within layouts/clients
Rendering clients/show
Rendered clients/_navi (0.00245)
  [4;36;1mReport Columns (0.000824)[0m   [0;1mSHOW FIELDS FROM reports[0m
  [4;35;1mUser Load (0.000431)[0m   [0mSELECT * FROM users WHERE (id = 1) LIMIT 1[0m
  [4;36;1mUser Load (0.000268)[0m   [0;1mSELECT * FROM users WHERE (id = 1) LIMIT 1[0m
Completed in 0.02700 (37 reqs/sec) | Rendering: 0.01177 (43%) | DB: 0.00419 (15%) | 200 OK [http://localhost/clients/show/1]
  [4;35;1mUser Columns (0.000965)[0m   [0mSHOW FIELDS FROM users[0m


Processing TicketsController#list (for 127.0.0.1 at 2006-01-18 12:18:02) [GET]
  Parameters: {"action"=>"list", "controller"=>"tickets"}
  [4;36;1mTicket Count (0.000293)[0m   [0;1mSELECT COUNT(*) FROM tickets [0m
  [4;35;1mTicket Load (0.000263)[0m   [0mSELECT * FROM tickets LIMIT 0, 5[0m
Rendering  within layouts/tickets
Rendering tickets/list
  [4;36;1mTicket Columns (0.000814)[0m   [0;1mSHOW FIELDS FROM tickets[0m
  [4;35;1mUser Load (0.000461)[0m   [0mSELECT * FROM users WHERE (users.id = 1) LIMIT 1[0m
  [4;36;1mClient Load (0.000388)[0m   [0;1mSELECT * FROM clients WHERE (clients.id = 1) LIMIT 1[0m
  [4;35;1mClient Columns (0.000831)[0m   [0mSHOW FIELDS FROM clients[0m
Rendered tickets/_list (0.01316)
  [4;36;1mUser Load (0.000426)[0m   [0;1mSELECT * FROM users WHERE (users.id = 1) LIMIT 1[0m
  [4;35;1mClient Load (0.000265)[0m   [0mSELECT * FROM clients WHERE (clients.id = 1) LIMIT 1[0m
Rendered tickets/_list (0.00349)
  [4;36;1mUser Load (0.000406)[0m   [0;1mSELECT * FROM users WHERE (users.id = 1) LIMIT 1[0m
  [4;35;1mClient Load (0.000262)[0m   [0mSELECT * FROM clients WHERE (clients.id = 1) LIMIT 1[0m
Rendered tickets/_list (0.00355)
Rendered layouts/_navi (0.00117)
Completed in 0.03110 (32 reqs/sec) | Rendering: 0.02023 (65%) | DB: 0.00537 (17%) | 200 OK [http://localhost/tickets/list]
  [4;36;1mUser Columns (0.000955)[0m   [0;1mSHOW FIELDS FROM users[0m


Processing TicketsController#show (for 127.0.0.1 at 2006-01-18 12:18:03) [GET]
  Parameters: {"action"=>"show", "id"=>"1", "controller"=>"tickets"}
  [4;35;1mTicket Load (0.000396)[0m   [0mSELECT * FROM tickets WHERE (tickets.id = '1') LIMIT 1[0m
Rendering  within layouts/tickets
Rendering tickets/show
  [4;36;1mTicket Columns (0.000775)[0m   [0;1mSHOW FIELDS FROM tickets[0m
  [4;35;1mUser Load (0.000397)[0m   [0mSELECT * FROM users WHERE (users.id = 1) LIMIT 1[0m
  [4;36;1mUser Load (0.000303)[0m   [0;1mSELECT * FROM users WHERE (users.id = 1) LIMIT 1[0m
  [4;35;1mClient Load (0.000371)[0m   [0mSELECT * FROM clients WHERE (clients.id = 1) LIMIT 1[0m
  [4;36;1mClient Columns (0.000795)[0m   [0;1mSHOW FIELDS FROM clients[0m
Rendered layouts/_navi (0.00114)
Completed in 0.02475 (40 reqs/sec) | Rendering: 0.01518 (61%) | DB: 0.00399 (16%) | 200 OK [http://localhost/tickets/show/1]
  [4;35;1mUser Columns (0.000966)[0m   [0mSHOW FIELDS FROM users[0m


Processing ClientsController#show (for 127.0.0.1 at 2006-01-18 12:18:13) [GET]
  Parameters: {"action"=>"show", "id"=>"1", "controller"=>"clients"}
  [4;36;1mClient Load (0.000413)[0m   [0;1mSELECT * FROM clients WHERE (clients.id = '1') LIMIT 1[0m
  [4;35;1mClient Columns (0.000895)[0m   [0mSHOW FIELDS FROM clients[0m
  [4;36;1mReport Load (0.000353)[0m   [0;1mSELECT * FROM reports WHERE (client_id IN (1)) [0m
Rendering  within layouts/clients
Rendering clients/show
Rendered clients/_navi (0.00214)
  [4;35;1mReport Columns (0.000787)[0m   [0mSHOW FIELDS FROM reports[0m
  [4;36;1mUser Load (0.000398)[0m   [0;1mSELECT * FROM users WHERE (id = 1) LIMIT 1[0m
  [4;35;1mUser Load (0.000252)[0m   [0mSELECT * FROM users WHERE (id = 1) LIMIT 1[0m
Completed in 0.02669 (37 reqs/sec) | Rendering: 0.01112 (41%) | DB: 0.00406 (15%) | 200 OK [http://localhost/clients/show/1]
  [4;36;1mUser Columns (0.001023)[0m   [0;1mSHOW FIELDS FROM users[0m


Processing WorkflowsController#new (for 127.0.0.1 at 2006-01-18 12:18:28) [POST]
  Parameters: {"grund"=>"schliessen", "ticket"=>"1", "action"=>"new", "controller"=>"workflows"}
  [4;35;1mTicket Load (0.000408)[0m   [0mSELECT * FROM tickets WHERE (tickets.id = '1') LIMIT 1[0m
  [4;36;1mTicket Columns (0.000838)[0m   [0;1mSHOW FIELDS FROM tickets[0m
Rendered workflows/_form (0.00601)
Completed in 0.01350 (74 reqs/sec) | DB: 0.00227 (16%) | 200 OK [http://localhost/workflows/new?ticket=1&grund=schliessen]
  [4;35;1mUser Columns (0.000991)[0m   [0mSHOW FIELDS FROM users[0m


Processing WorkflowsController#new_zurueckweisen (for 127.0.0.1 at 2006-01-18 12:18:39) [POST]
  Parameters: {"grund"=>"zurueckweisen", "ticket"=>"1", "action"=>"new_zurueckweisen", "controller"=>"workflows"}
  [4;36;1mTicket Load (0.000402)[0m   [0;1mSELECT * FROM tickets WHERE (tickets.id = '1') LIMIT 1[0m
  [4;35;1mTicket Columns (0.001603)[0m   [0mSHOW FIELDS FROM tickets[0m
Rendered workflows/_tmpl_zurueckweisen (0.05927)
Completed in 0.06626 (15 reqs/sec) | DB: 0.00300 (4%) | 200 OK [http://localhost/workflows/new_zurueckweisen?ticket=1&grund=zurueckweisen]
  [4;36;1mUser Columns (0.001039)[0m   [0;1mSHOW FIELDS FROM users[0m


Processing WorkflowsController#create (for 127.0.0.1 at 2006-01-18 12:18:41) [POST]
  Parameters: {"user"=>"1", "grund"=>"3", "ticket"=>"1", "commit"=>"Eintragen!", "beschreibung"=>"Zur\303\274ckgewiesen: ..Huth", "action"=>"create", "ticket_status"=>"0", "controller"=>"workflows"}
  [4;35;1mTicket Load (0.000405)[0m   [0mSELECT * FROM tickets WHERE (tickets.id = '1') LIMIT 1[0m
Completed in 0.00757 (132 reqs/sec) | Rendering: 0.00006 (0%) | DB: 0.00144 (19%) | 200 OK [http://localhost/workflows/create?ticket_status=0&ticket=1&user=1&grund=3]
  [4;36;1mUser Columns (0.000933)[0m   [0;1mSHOW FIELDS FROM users[0m


Processing WorkflowsController#new (for 127.0.0.1 at 2006-01-18 12:18:59) [POST]
  Parameters: {"grund"=>"schliessen", "ticket"=>"1", "action"=>"new", "controller"=>"workflows"}
  [4;35;1mTicket Load (0.000420)[0m   [0mSELECT * FROM tickets WHERE (tickets.id = '1') LIMIT 1[0m
  [4;36;1mTicket Columns (0.000815)[0m   [0;1mSHOW FIELDS FROM tickets[0m
Rendered workflows/_form (0.00561)
Completed in 0.01233 (81 reqs/sec) | DB: 0.00217 (17%) | 200 OK [http://localhost/workflows/new?ticket=1&grund=schliessen]
  [4;35;1mUser Columns (0.001116)[0m   [0mSHOW FIELDS FROM users[0m


Processing AccountController#signup (for 127.0.0.1 at 2006-01-18 12:20:02) [GET]
  Parameters: {"action"=>"signup", "controller"=>"account"}
Rendering  within layouts/account
Rendering account/signup
Completed in 0.00521 (192 reqs/sec) | Rendering: 0.00377 (72%) | DB: 0.00112 (21%) | 200 OK [http://localhost/account/signup]
  [4;36;1mUser Columns (0.012133)[0m   [0;1mSHOW FIELDS FROM users[0m


Processing TicketsController#index (for 127.0.0.1 at 2006-01-18 12:23:59) [GET]
  Parameters: {"action"=>"index", "controller"=>"tickets"}
  [4;35;1mTicket Count (0.000286)[0m   [0mSELECT COUNT(*) FROM tickets [0m
  [4;36;1mTicket Load (0.000308)[0m   [0;1mSELECT * FROM tickets LIMIT 0, 5[0m
Rendering actionlistlayoutfalse within layouts/tickets
Rendering tickets/list
  [4;35;1mTicket Columns (0.000855)[0m   [0mSHOW FIELDS FROM tickets[0m
  [4;36;1mUser Load (0.000828)[0m   [0;1mSELECT * FROM users WHERE (users.id = 1) LIMIT 1[0m
  [4;35;1mClient Load (0.000378)[0m   [0mSELECT * FROM clients WHERE (clients.id = 1) LIMIT 1[0m
  [4;36;1mClient Columns (0.000796)[0m   [0;1mSHOW FIELDS FROM clients[0m
Rendered tickets/_list (0.01351)
  [4;35;1mUser Load (0.000435)[0m   [0mSELECT * FROM users WHERE (users.id = 1) LIMIT 1[0m
  [4;36;1mClient Load (0.000263)[0m   [0;1mSELECT * FROM clients WHERE (clients.id = 1) LIMIT 1[0m
Rendered tickets/_list (0.00333)
  [4;35;1mUser Load (0.000368)[0m   [0mSELECT * FROM users WHERE (users.id = 1) LIMIT 1[0m
  [4;36;1mClient Load (0.000256)[0m   [0;1mSELECT * FROM clients WHERE (clients.id = 1) LIMIT 1[0m
Rendered tickets/_list (0.00336)
Rendered layouts/_navi (0.00113)
Completed in 0.03458 (28 reqs/sec) | Rendering: 0.01966 (56%) | DB: 0.01691 (48%) | 200 OK [http://localhost/tickets]
  [4;35;1mUser Columns (0.001118)[0m   [0mSHOW FIELDS FROM users[0m


Processing TicketsController#show (for 127.0.0.1 at 2006-01-18 12:24:01) [GET]
  Parameters: {"action"=>"show", "id"=>"1", "controller"=>"tickets"}
  [4;36;1mTicket Load (0.000384)[0m   [0;1mSELECT * FROM tickets WHERE (tickets.id = '1') LIMIT 1[0m
Rendering  within layouts/tickets
Rendering tickets/show
  [4;35;1mTicket Columns (0.000763)[0m   [0mSHOW FIELDS FROM tickets[0m
  [4;36;1mUser Load (0.000396)[0m   [0;1mSELECT * FROM users WHERE (users.id = 1) LIMIT 1[0m
  [4;35;1mUser Load (0.000308)[0m   [0mSELECT * FROM users WHERE (users.id = 1) LIMIT 1[0m
  [4;36;1mClient Load (0.000405)[0m   [0;1mSELECT * FROM clients WHERE (clients.id = 1) LIMIT 1[0m
  [4;35;1mClient Columns (0.000837)[0m   [0mSHOW FIELDS FROM clients[0m
Rendered layouts/_navi (0.00117)
Completed in 0.02809 (35 reqs/sec) | Rendering: 0.01853 (65%) | DB: 0.00421 (14%) | 200 OK [http://localhost/tickets/show/1]
  [4;36;1mUser Columns (0.000962)[0m   [0;1mSHOW FIELDS FROM users[0m


Processing WorkflowsController#ticket_list (for 127.0.0.1 at 2006-01-18 12:24:09) [POST]
  Parameters: {"ticket"=>"1", "action"=>"ticket_list", "controller"=>"workflows"}
  [4;35;1mTicket Load (0.000393)[0m   [0mSELECT * FROM tickets WHERE (tickets.id = '1') LIMIT 1[0m
  [4;36;1mTicket Columns (0.000773)[0m   [0;1mSHOW FIELDS FROM tickets[0m
  [4;35;1mWorkflow Load (0.000450)[0m   [0mSELECT * FROM workflows WHERE (ticket_id = (1)) ORDER BY created_on DESC [0m
Rendered workflows/_workflow (0.03178)
Completed in 0.04196 (23 reqs/sec) | DB: 0.00258 (6%) | 200 OK [http://localhost/workflows/ticket_list?ticket=1]
  [4;36;1mUser Columns (0.000969)[0m   [0;1mSHOW FIELDS FROM users[0m


Processing WorkflowsController#ticket_list (for 127.0.0.1 at 2006-01-18 12:24:24) [POST]
  Parameters: {"ticket"=>"1", "action"=>"ticket_list", "controller"=>"workflows"}
  [4;35;1mTicket Load (0.000405)[0m   [0mSELECT * FROM tickets WHERE (tickets.id = '1') LIMIT 1[0m
  [4;36;1mTicket Columns (0.000768)[0m   [0;1mSHOW FIELDS FROM tickets[0m
  [4;35;1mWorkflow Load (0.000312)[0m   [0mSELECT * FROM workflows WHERE (ticket_id = (1)) ORDER BY created_on DESC [0m
Rendered workflows/_workflow (0.00022)
Completed in 0.00970 (103 reqs/sec) | DB: 0.00245 (25%) | 200 OK [http://localhost/workflows/ticket_list?ticket=1]
  [4;36;1mUser Columns (0.001027)[0m   [0;1mSHOW FIELDS FROM users[0m


Processing WorkflowsController#new (for 127.0.0.1 at 2006-01-18 12:24:25) [POST]
  Parameters: {"grund"=>"schliessen", "ticket"=>"1", "action"=>"new", "controller"=>"workflows"}
  [4;35;1mTicket Load (0.000392)[0m   [0mSELECT * FROM tickets WHERE (tickets.id = '1') LIMIT 1[0m
  [4;36;1mTicket Columns (0.000824)[0m   [0;1mSHOW FIELDS FROM tickets[0m
Rendered workflows/_form (0.00574)
Completed in 0.01250 (80 reqs/sec) | DB: 0.00224 (17%) | 200 OK [http://localhost/workflows/new?ticket=1&grund=schliessen]
  [4;35;1mUser Columns (0.001048)[0m   [0mSHOW FIELDS FROM users[0m


Processing WorkflowsController#new_zuweisen (for 127.0.0.1 at 2006-01-18 12:24:27) [POST]
  Parameters: {"grund"=>"zuweisen", "ticket"=>"1", "action"=>"new_zuweisen", "controller"=>"workflows"}
  [4;36;1mTicket Load (0.000405)[0m   [0;1mSELECT * FROM tickets WHERE (tickets.id = '1') LIMIT 1[0m
  [4;35;1mTicket Columns (0.000843)[0m   [0mSHOW FIELDS FROM tickets[0m
Rendered workflows/_tmpl_zuweisen (0.00630)
Completed in 0.01364 (73 reqs/sec) | DB: 0.00230 (16%) | 200 OK [http://localhost/workflows/new_zuweisen?ticket=1&grund=zuweisen]
  [4;36;1mUser Columns (0.000958)[0m   [0;1mSHOW FIELDS FROM users[0m


Processing WorkflowsController#search (for 127.0.0.1 at 2006-01-18 12:24:30) [POST]
  Parameters: {"action"=>"search", "p"=>"", "controller"=>"workflows"}
  [4;35;1mUser Load (0.000608)[0m   [0mSELECT * FROM users ORDER BY user_name [0m
Rendering workflows/search
Completed in 0.00383 (261 reqs/sec) | Rendering: 0.00051 (13%) | DB: 0.00157 (40%) | 200 OK [http://localhost/workflows/search]
  [4;36;1mUser Columns (0.001064)[0m   [0;1mSHOW FIELDS FROM users[0m


Processing WorkflowsController#search (for 127.0.0.1 at 2006-01-18 12:24:31) [POST]
  Parameters: {"action"=>"search", "controller"=>"workflows"}
  [4;35;1mUser Load (0.000458)[0m   [0mSELECT * FROM users ORDER BY user_name [0m
Rendering workflows/search
Completed in 0.00414 (241 reqs/sec) | Rendering: 0.00100 (24%) | DB: 0.00152 (36%) | 200 OK [http://localhost/workflows/search]
  [4;36;1mUser Columns (0.001028)[0m   [0;1mSHOW FIELDS FROM users[0m


Processing WorkflowsController#search (for 127.0.0.1 at 2006-01-18 12:24:33) [POST]
  Parameters: {"action"=>"search", "controller"=>"workflows", "hz"=>""}
  [4;35;1mUser Load (0.000456)[0m   [0mSELECT * FROM users ORDER BY user_name [0m
Rendering workflows/search
Completed in 0.00430 (232 reqs/sec) | Rendering: 0.00059 (13%) | DB: 0.00148 (34%) | 200 OK [http://localhost/workflows/search]
  [4;36;1mUser Columns (0.000990)[0m   [0;1mSHOW FIELDS FROM users[0m


Processing WorkflowsController#search (for 127.0.0.1 at 2006-01-18 12:24:34) [POST]
  Parameters: {"action"=>"search", "controller"=>"workflows", "hzzzz"=>""}
  [4;35;1mUser Load (0.000452)[0m   [0mSELECT * FROM users ORDER BY user_name [0m
Rendering workflows/search
Completed in 0.00365 (274 reqs/sec) | Rendering: 0.00046 (12%) | DB: 0.00144 (39%) | 200 OK [http://localhost/workflows/search]
  [4;36;1mUser Columns (0.001097)[0m   [0;1mSHOW FIELDS FROM users[0m


Processing WorkflowsController#search (for 127.0.0.1 at 2006-01-18 12:24:35) [POST]
  Parameters: {"action"=>"search", "controller"=>"workflows", "hz"=>""}
  [4;35;1mUser Load (0.000513)[0m   [0mSELECT * FROM users ORDER BY user_name [0m
Rendering workflows/search
Completed in 0.00377 (264 reqs/sec) | Rendering: 0.00049 (12%) | DB: 0.00161 (42%) | 200 OK [http://localhost/workflows/search]
  [4;36;1mUser Columns (0.001000)[0m   [0;1mSHOW FIELDS FROM users[0m


Processing WorkflowsController#search (for 127.0.0.1 at 2006-01-18 12:24:35) [POST]
  Parameters: {"action"=>"search", "controller"=>"workflows"}
  [4;35;1mUser Load (0.000598)[0m   [0mSELECT * FROM users ORDER BY user_name [0m
Rendering workflows/search
Completed in 0.00441 (226 reqs/sec) | Rendering: 0.00099 (22%) | DB: 0.00160 (36%) | 200 OK [http://localhost/workflows/search]
  [4;36;1mUser Columns (0.000984)[0m   [0;1mSHOW FIELDS FROM users[0m


Processing WorkflowsController#new (for 127.0.0.1 at 2006-01-18 12:27:49) [POST]
  Parameters: {"grund"=>"schliessen", "ticket"=>"1", "action"=>"new", "controller"=>"workflows"}
  [4;35;1mTicket Load (0.000400)[0m   [0mSELECT * FROM tickets WHERE (tickets.id = '1') LIMIT 1[0m
  [4;36;1mTicket Columns (0.000892)[0m   [0;1mSHOW FIELDS FROM tickets[0m
Rendered workflows/_form (0.00567)
Completed in 0.01254 (79 reqs/sec) | DB: 0.00228 (18%) | 200 OK [http://localhost/workflows/new?ticket=1&grund=schliessen]
  [4;35;1mUser Columns (0.001028)[0m   [0mSHOW FIELDS FROM users[0m


Processing WorkflowsController#new_freitext (for 127.0.0.1 at 2006-01-18 12:28:35) [POST]
  Parameters: {"grund"=>"freitext", "ticket"=>"1", "action"=>"new_freitext", "controller"=>"workflows"}
  [4;36;1mTicket Load (0.000371)[0m   [0;1mSELECT * FROM tickets WHERE (tickets.id = '1') LIMIT 1[0m
  [4;35;1mTicket Columns (0.001592)[0m   [0mSHOW FIELDS FROM tickets[0m
Rendered workflows/_tmpl_freitext (0.04310)
Completed in 0.04998 (20 reqs/sec) | DB: 0.00299 (5%) | 200 OK [http://localhost/workflows/new_freitext?ticket=1&grund=freitext]
  [4;36;1mUser Columns (0.000987)[0m   [0;1mSHOW FIELDS FROM users[0m


Processing WorkflowsController#new (for 127.0.0.1 at 2006-01-18 12:28:47) [POST]
  Parameters: {"grund"=>"schliessen", "ticket"=>"1", "action"=>"new", "controller"=>"workflows"}
  [4;35;1mTicket Load (0.000426)[0m   [0mSELECT * FROM tickets WHERE (tickets.id = '1') LIMIT 1[0m
  [4;36;1mTicket Columns (0.000838)[0m   [0;1mSHOW FIELDS FROM tickets[0m
Rendered workflows/_form (0.00612)
Completed in 0.01319 (75 reqs/sec) | DB: 0.00225 (17%) | 200 OK [http://localhost/workflows/new?ticket=1&grund=schliessen]
  [4;35;1mUser Columns (0.001081)[0m   [0mSHOW FIELDS FROM users[0m


Processing WorkflowsController#new (for 127.0.0.1 at 2006-01-18 12:28:50) [POST]
  Parameters: {"grund"=>"schliessen", "ticket"=>"1", "action"=>"new", "controller"=>"workflows"}
  [4;36;1mTicket Load (0.000422)[0m   [0;1mSELECT * FROM tickets WHERE (tickets.id = '1') LIMIT 1[0m
  [4;35;1mTicket Columns (0.000792)[0m   [0mSHOW FIELDS FROM tickets[0m
Rendered workflows/_form (0.00579)
Completed in 0.01253 (79 reqs/sec) | DB: 0.00229 (18%) | 200 OK [http://localhost/workflows/new?ticket=1&grund=schliessen]
  [4;36;1mUser Columns (0.000944)[0m   [0;1mSHOW FIELDS FROM users[0m


Processing WorkflowsController#new_zurueckweisen (for 127.0.0.1 at 2006-01-18 12:28:55) [POST]
  Parameters: {"grund"=>"zurueckweisen", "ticket"=>"1", "action"=>"new_zurueckweisen", "controller"=>"workflows"}
  [4;35;1mTicket Load (0.000414)[0m   [0mSELECT * FROM tickets WHERE (tickets.id = '1') LIMIT 1[0m
  [4;36;1mTicket Columns (0.000787)[0m   [0;1mSHOW FIELDS FROM tickets[0m
Rendered workflows/_tmpl_zurueckweisen (0.00493)
Completed in 0.01186 (84 reqs/sec) | DB: 0.00214 (18%) | 200 OK [http://localhost/workflows/new_zurueckweisen?ticket=1&grund=zurueckweisen]
  [4;35;1mUser Columns (0.000986)[0m   [0mSHOW FIELDS FROM users[0m


Processing TicketsController#list (for 127.0.0.1 at 2006-01-18 12:30:18) [GET]
  Parameters: {"action"=>"list", "controller"=>"tickets"}
  [4;36;1mTicket Count (0.000337)[0m   [0;1mSELECT COUNT(*) FROM tickets [0m
  [4;35;1mTicket Load (0.000236)[0m   [0mSELECT * FROM tickets LIMIT 0, 5[0m
Rendering  within layouts/tickets
Rendering tickets/list
  [4;36;1mTicket Columns (0.000821)[0m   [0;1mSHOW FIELDS FROM tickets[0m
  [4;35;1mUser Load (0.000442)[0m   [0mSELECT * FROM users WHERE (users.id = 1) LIMIT 1[0m
  [4;36;1mClient Load (0.000385)[0m   [0;1mSELECT * FROM clients WHERE (clients.id = 1) LIMIT 1[0m
  [4;35;1mClient Columns (0.000796)[0m   [0mSHOW FIELDS FROM clients[0m
Rendered tickets/_list (0.01414)
  [4;36;1mUser Load (0.000435)[0m   [0;1mSELECT * FROM users WHERE (users.id = 1) LIMIT 1[0m
  [4;35;1mClient Load (0.000379)[0m   [0mSELECT * FROM clients WHERE (clients.id = 1) LIMIT 1[0m
Rendered tickets/_list (0.00495)
  [4;36;1mUser Load (0.000409)[0m   [0;1mSELECT * FROM users WHERE (users.id = 1) LIMIT 1[0m
  [4;35;1mClient Load (0.000267)[0m   [0mSELECT * FROM clients WHERE (clients.id = 1) LIMIT 1[0m
Rendered tickets/_list (0.00346)
Rendered layouts/_navi (0.00126)
Completed in 0.03392 (29 reqs/sec) | Rendering: 0.02234 (65%) | DB: 0.00549 (16%) | 200 OK [http://localhost/tickets/list]
  [4;36;1mUser Columns (0.003247)[0m   [0;1mSHOW FIELDS FROM users[0m


Processing TicketsController#show (for 127.0.0.1 at 2006-01-18 12:30:19) [GET]
  Parameters: {"action"=>"show", "id"=>"1", "controller"=>"tickets"}
  [4;35;1mTicket Load (0.015383)[0m   [0mSELECT * FROM tickets WHERE (tickets.id = '1') LIMIT 1[0m
Rendering  within layouts/tickets
Rendering tickets/show
  [4;36;1mTicket Columns (0.002112)[0m   [0;1mSHOW FIELDS FROM tickets[0m
  [4;35;1mUser Load (0.001398)[0m   [0mSELECT * FROM users WHERE (users.id = 1) LIMIT 1[0m
  [4;36;1mUser Load (0.000676)[0m   [0;1mSELECT * FROM users WHERE (users.id = 1) LIMIT 1[0m
  [4;35;1mClient Load (0.003423)[0m   [0mSELECT * FROM clients WHERE (clients.id = 1) LIMIT 1[0m
  [4;36;1mClient Columns (0.002188)[0m   [0;1mSHOW FIELDS FROM clients[0m
Rendered layouts/_navi (0.00111)
Completed in 0.04934 (20 reqs/sec) | Rendering: 0.01547 (31%) | DB: 0.02843 (57%) | 200 OK [http://localhost/tickets/show/1]
  [4;35;1mUser Columns (0.000909)[0m   [0mSHOW FIELDS FROM users[0m


Processing WorkflowsController#new (for 127.0.0.1 at 2006-01-18 12:30:21) [POST]
  Parameters: {"grund"=>"schliessen", "ticket"=>"1", "action"=>"new", "controller"=>"workflows"}
  [4;36;1mTicket Load (0.000362)[0m   [0;1mSELECT * FROM tickets WHERE (tickets.id = '1') LIMIT 1[0m
  [4;35;1mTicket Columns (0.000712)[0m   [0mSHOW FIELDS FROM tickets[0m
Rendered workflows/_form (0.00548)
Completed in 0.01225 (81 reqs/sec) | DB: 0.00198 (16%) | 200 OK [http://localhost/workflows/new?ticket=1&grund=schliessen]
  [4;36;1mUser Columns (0.001051)[0m   [0;1mSHOW FIELDS FROM users[0m


Processing WorkflowsController#new_zuweisen (for 127.0.0.1 at 2006-01-18 12:30:24) [POST]
  Parameters: {"grund"=>"zuweisen", "ticket"=>"1", "action"=>"new_zuweisen", "controller"=>"workflows"}
  [4;35;1mTicket Load (0.000391)[0m   [0mSELECT * FROM tickets WHERE (tickets.id = '1') LIMIT 1[0m
  [4;36;1mTicket Columns (0.000819)[0m   [0;1mSHOW FIELDS FROM tickets[0m
Rendered workflows/_tmpl_zuweisen (0.00618)
Completed in 0.01304 (76 reqs/sec) | DB: 0.00226 (17%) | 200 OK [http://localhost/workflows/new_zuweisen?ticket=1&grund=zuweisen]
  [4;35;1mUser Columns (0.000926)[0m   [0mSHOW FIELDS FROM users[0m


Processing WorkflowsController#search (for 127.0.0.1 at 2006-01-18 12:30:31) [POST]
  Parameters: {"nn"=>"", "action"=>"search", "controller"=>"workflows"}
  [4;36;1mUser Load (0.000469)[0m   [0;1mSELECT * FROM users ORDER BY user_name [0m
Rendering workflows/search
Completed in 0.00380 (263 reqs/sec) | Rendering: 0.00046 (12%) | DB: 0.00139 (36%) | 200 OK [http://localhost/workflows/search]
  [4;35;1mUser Columns (0.001109)[0m   [0mSHOW FIELDS FROM users[0m


Processing WorkflowsController#search (for 127.0.0.1 at 2006-01-18 12:30:31) [POST]
  Parameters: {"n"=>"", "action"=>"search", "controller"=>"workflows"}
  [4;36;1mUser Load (0.000478)[0m   [0;1mSELECT * FROM users ORDER BY user_name [0m
Rendering workflows/search
Completed in 0.00370 (270 reqs/sec) | Rendering: 0.00047 (12%) | DB: 0.00159 (42%) | 200 OK [http://localhost/workflows/search]
  [4;35;1mUser Columns (0.000975)[0m   [0mSHOW FIELDS FROM users[0m


Processing WorkflowsController#search (for 127.0.0.1 at 2006-01-18 12:30:32) [POST]
  Parameters: {"action"=>"search", "controller"=>"workflows"}
  [4;36;1mUser Load (0.000504)[0m   [0;1mSELECT * FROM users ORDER BY user_name [0m
Rendering workflows/search
Completed in 0.00417 (239 reqs/sec) | Rendering: 0.00100 (23%) | DB: 0.00148 (35%) | 200 OK [http://localhost/workflows/search]
  [4;35;1mUser Columns (0.000959)[0m   [0mSHOW FIELDS FROM users[0m


Processing WorkflowsController#search (for 127.0.0.1 at 2006-01-18 12:30:56) [POST]
  Parameters: {"action"=>"search", "controller"=>"workflows", "babsa"=>""}
  [4;36;1mUser Load (0.000467)[0m   [0;1mSELECT * FROM users ORDER BY user_name [0m
Rendering workflows/search
Completed in 0.00380 (263 reqs/sec) | Rendering: 0.00048 (12%) | DB: 0.00143 (37%) | 200 OK [http://localhost/workflows/search]
  [4;35;1mUser Columns (0.001021)[0m   [0mSHOW FIELDS FROM users[0m


Processing WorkflowsController#search (for 127.0.0.1 at 2006-01-18 12:30:59) [POST]
  Parameters: {"action"=>"search", "controller"=>"workflows", "babs"=>""}
  [4;36;1mUser Load (0.000509)[0m   [0;1mSELECT * FROM users ORDER BY user_name [0m
Rendering workflows/search
Completed in 0.00384 (260 reqs/sec) | Rendering: 0.00050 (13%) | DB: 0.00153 (39%) | 200 OK [http://localhost/workflows/search]
  [4;35;1mUser Columns (0.008608)[0m   [0mSHOW FIELDS FROM users[0m


Processing WorkflowsController#search (for 127.0.0.1 at 2006-01-18 12:31:00) [POST]
  Parameters: {"action"=>"search", "controller"=>"workflows"}
  [4;36;1mUser Load (0.001178)[0m   [0;1mSELECT * FROM users ORDER BY user_name [0m
Rendering workflows/search
Completed in 0.00499 (200 reqs/sec) | Rendering: 0.00099 (19%) | DB: 0.00979 (196%) | 200 OK [http://localhost/workflows/search]
  [4;35;1mUser Columns (0.004447)[0m   [0mSHOW FIELDS FROM users[0m


Processing UsersController#show (for 127.0.0.1 at 2006-01-18 12:31:19) [GET]
  Parameters: {"action"=>"show", "id"=>"1", "controller"=>"users"}
  [4;36;1mUser Load (0.001725)[0m   [0;1mSELECT * FROM users WHERE (users.id = '1') LIMIT 1[0m
Rendering  within layouts/users
Rendering users/show
Rendered users/_navi (0.00223)
Completed in 0.02472 (40 reqs/sec) | Rendering: 0.00637 (25%) | DB: 0.00617 (24%) | 200 OK [http://localhost/users/show/1]
  [4;35;1mUser Columns (0.001172)[0m   [0mSHOW FIELDS FROM users[0m


Processing UsersController#show (for 127.0.0.1 at 2006-01-18 12:31:30) [GET]
  Parameters: {"action"=>"show", "id"=>"kontakt.html", "controller"=>"users"}
  [4;36;1mUser Load (0.001521)[0m   [0;1mSELECT * FROM users WHERE (users.id = 'kontakt.html') LIMIT 1[0m


ActiveRecord::RecordNotFound (Couldn't find User with ID=kontakt.html):
    /usr/lib/ruby/gems/1.8/gems/activerecord-1.13.2/lib/active_record/base.rb:412:in `find'
    .//app/controllers/users_controller.rb:17:in `show'
    /usr/lib/ruby/gems/1.8/gems/actionpack-1.11.2/lib/action_controller/base.rb:853:in `perform_action_without_filters'
    /usr/lib/ruby/gems/1.8/gems/actionpack-1.11.2/lib/action_controller/filters.rb:332:in `perform_action_without_benchmark'
    /usr/lib/ruby/gems/1.8/gems/actionpack-1.11.2/lib/action_controller/benchmarking.rb:69:in `perform_action_without_rescue'
    /usr/lib/ruby/1.8/benchmark.rb:293:in `measure'
    /usr/lib/ruby/gems/1.8/gems/actionpack-1.11.2/lib/action_controller/benchmarking.rb:69:in `perform_action_without_rescue'
    /usr/lib/ruby/gems/1.8/gems/actionpack-1.11.2/lib/action_controller/rescue.rb:82:in `perform_action'
    /usr/lib/ruby/gems/1.8/gems/actionpack-1.11.2/lib/action_controller/base.rb:369:in `process_without_session_management_support'
    /usr/lib/ruby/gems/1.8/gems/actionpack-1.11.2/lib/action_controller/session_management.rb:116:in `process'
    /usr/lib/ruby/gems/1.8/gems/rails-1.0.0/lib/dispatcher.rb:38:in `dispatch'
    /usr/lib/ruby/gems/1.8/gems/rails-1.0.0/lib/webrick_server.rb:117:in `handle_dispatch'
    /usr/lib/ruby/gems/1.8/gems/rails-1.0.0/lib/webrick_server.rb:83:in `service'
    /usr/lib/ruby/1.8/webrick/httpserver.rb:104:in `service'
    /usr/lib/ruby/1.8/webrick/httpserver.rb:65:in `run'
    /usr/lib/ruby/1.8/webrick/server.rb:173:in `start_thread'
    /usr/lib/ruby/1.8/webrick/server.rb:162:in `start_thread'
    /usr/lib/ruby/1.8/webrick/server.rb:95:in `start'
    /usr/lib/ruby/1.8/webrick/server.rb:92:in `start'
    /usr/lib/ruby/1.8/webrick/server.rb:23:in `start'
    /usr/lib/ruby/1.8/webrick/server.rb:82:in `start'
    /usr/lib/ruby/gems/1.8/gems/rails-1.0.0/lib/webrick_server.rb:69:in `dispatch'
    /usr/lib/ruby/gems/1.8/gems/rails-1.0.0/lib/commands/servers/webrick.rb:59
    /usr/lib/ruby/site_ruby/1.8/rubygems/custom_require.rb:21:in `require'
    /usr/lib/ruby/gems/1.8/gems/activesupport-1.2.5/lib/active_support/dependencies.rb:214:in `require'
    /usr/lib/ruby/gems/1.8/gems/rails-1.0.0/lib/commands/server.rb:28
    /usr/lib/ruby/site_ruby/1.8/rubygems/custom_require.rb:21:in `require'
    /usr/lib/ruby/gems/1.8/gems/activesupport-1.2.5/lib/active_support/dependencies.rb:214:in `require'
    ./script/server:3


Rendering /usr/lib/ruby/gems/1.8/gems/actionpack-1.11.2/lib/action_controller/templates/rescues/layout.rhtml (500 Internal Error)
  [4;35;1mUser Columns (0.002363)[0m   [0mSHOW FIELDS FROM users[0m


Processing AccountController#login (for 127.0.0.1 at 2006-01-18 12:34:12) [GET]
  Parameters: {"action"=>"login", "controller"=>"account"}
Rendering  within layouts/account
Rendering account/login
Completed in 0.00977 (102 reqs/sec) | Rendering: 0.00778 (79%) | DB: 0.00506 (51%) | 200 OK [http://localhost/account/login]
  [4;36;1mUser Columns (0.000905)[0m   [0;1mSHOW FIELDS FROM users[0m


Processing AccountController#login (for 127.0.0.1 at 2006-01-18 12:34:24) [POST]
  Parameters: {"user_login"=>"test1", "action"=>"login", "controller"=>"account", "user_password"=>"husten", "login"=>"Login \302\273"}
  [4;35;1mUser Load (0.003128)[0m   [0mSELECT * FROM users WHERE (login = 'test1' AND password = 'de777208f8c01a55973da1707d188ffbadd10052') LIMIT 1[0m
Redirected to http://localhost:3000/account/welcome
Completed in 0.00524 (190 reqs/sec) | DB: 0.00403 (76%) | 302 Found [http://localhost/account/login]
  [4;36;1mUser Columns (0.000985)[0m   [0;1mSHOW FIELDS FROM users[0m


Processing AccountController#welcome (for 127.0.0.1 at 2006-01-18 12:34:24) [GET]
  Parameters: {"action"=>"welcome", "controller"=>"account"}
Rendering  within layouts/account
Rendering account/welcome
Rendered account/_navi (0.00279)
Completed in 0.00657 (152 reqs/sec) | Rendering: 0.00465 (70%) | DB: 0.00098 (14%) | 200 OK [http://localhost/account/welcome]
  [4;35;1mUser Columns (0.001001)[0m   [0mSHOW FIELDS FROM users[0m


Processing TicketsController#new (for 127.0.0.1 at 2006-01-18 12:39:31) [GET]
  Parameters: {"action"=>"new", "controller"=>"tickets"}
  [4;36;1mTicket Columns (0.000850)[0m   [0;1mSHOW FIELDS FROM tickets[0m
Rendering  within layouts/tickets
Rendering tickets/new
  [4;35;1mClient Load (0.000481)[0m   [0mSELECT * FROM clients ORDER BY client_name [0m
  [4;36;1mClient Columns (0.000809)[0m   [0;1mSHOW FIELDS FROM clients[0m
Rendered layouts/_navi (0.00246)
Completed in 0.13885 (7 reqs/sec) | Rendering: 0.12900 (92%) | DB: 0.00314 (2%) | 200 OK [http://localhost/tickets/new]
  [4;35;1mUser Columns (0.000993)[0m   [0mSHOW FIELDS FROM users[0m


Processing TicketsController#create (for 127.0.0.1 at 2006-01-18 12:39:35) [POST]
  Parameters: {"user"=>"1", "ticket"=>{"client_id"=>"1", "ticket_beschreibung"=>"dsadsadsadsa", "ticket_status"=>"0", "ticket_bezeichnung"=>""}, "commit"=>"Create", "action"=>"create", "controller"=>"tickets"}
  [4;36;1mTicket Columns (0.000812)[0m   [0;1mSHOW FIELDS FROM tickets[0m
  [4;35;1mUser Load (0.000417)[0m   [0mSELECT * FROM users WHERE (users.id = '1') LIMIT 1[0m
  [4;36;1mUser Load (0.000293)[0m   [0;1mSELECT * FROM users WHERE (users.id = '1') LIMIT 1[0m
  [4;35;1mSQL (0.000059)[0m   [0mBEGIN[0m
  [4;36;1mSQL (0.000071)[0m   [0;1mCOMMIT[0m
Rendering actionnewlayoutfalse within layouts/tickets
Rendering tickets/new
  [4;35;1mClient Load (0.000401)[0m   [0mSELECT * FROM clients ORDER BY client_name [0m
  [4;36;1mClient Columns (0.000820)[0m   [0;1mSHOW FIELDS FROM clients[0m
Rendered layouts/_navi (0.00215)
Completed in 0.02539 (39 reqs/sec) | Rendering: 0.01249 (49%) | DB: 0.00387 (15%) | 200 OK [http://localhost/tickets/create?user=1]
  [4;35;1mUser Columns (0.000970)[0m   [0mSHOW FIELDS FROM users[0m


Processing UsersController#show (for 127.0.0.1 at 2006-01-18 12:41:16) [GET]
  Parameters: {"action"=>"show", "id"=>"1", "controller"=>"users"}
  [4;36;1mUser Load (0.000515)[0m   [0;1mSELECT * FROM users WHERE (users.id = '1') LIMIT 1[0m
Rendering  within layouts/users
Rendering users/show
Rendered users/_navi (0.00193)
Completed in 0.00799 (125 reqs/sec) | Rendering: 0.00571 (71%) | DB: 0.00149 (18%) | 200 OK [http://localhost/users/show/1]
  [4;35;1mUser Columns (0.000967)[0m   [0mSHOW FIELDS FROM users[0m


Processing UsersController#update_ort (for 127.0.0.1 at 2006-01-18 12:41:28) [POST]
  Parameters: {""=>"ok", "action"=>"update_ort", "id"=>"1", "value"=>"hhhh", "controller"=>"users"}
  [4;36;1mUser Load (0.000457)[0m   [0;1mSELECT * FROM users WHERE (users.id = '1') LIMIT 1[0m
  [4;35;1mSQL (0.000064)[0m   [0mBEGIN[0m
  [4;36;1mUser Load (0.000353)[0m   [0;1mSELECT * FROM users WHERE (users.id = 1) LIMIT 1[0m
  [4;35;1mUser Update (0.000445)[0m   [0mUPDATE users SET `user_plz` = 12333, `user_klasse` = 'cnws02', `user_name` = 'Huth', `login` = 'test1', `user_email` = 'marco@gmail.com', `user_ort` = 'hhhh', `user_telefon` = '', `user_vorname` = 'Peter', `user_rule` = 5, `updated_on` = '2006-01-18 12:41:28', `password` = 'de777208f8c01a55973da1707d188ffbadd10052', `user_strasse` = 'Lempstrasse 14', `user_pic` = 'dsc00059.jpg', `created_on` = '2006-01-18 11:51:12' WHERE id = 1[0m
  [4;36;1mSQL (0.000846)[0m   [0;1mCOMMIT[0m
Completed in 0.00861 (116 reqs/sec) | Rendering: 0.00062 (7%) | DB: 0.00313 (36%) | 200 OK [http://localhost/users/update_ort/1]
  [4;35;1mUser Columns (0.000972)[0m   [0mSHOW FIELDS FROM users[0m


Processing UsersController#update_ort (for 127.0.0.1 at 2006-01-18 12:41:36) [POST]
  Parameters: {""=>"ok", "action"=>"update_ort", "id"=>"1", "value"=>"lll", "controller"=>"users"}
  [4;36;1mUser Load (0.000451)[0m   [0;1mSELECT * FROM users WHERE (users.id = '1') LIMIT 1[0m
  [4;35;1mSQL (0.000066)[0m   [0mBEGIN[0m
  [4;36;1mUser Load (0.000313)[0m   [0;1mSELECT * FROM users WHERE (users.id = 1) LIMIT 1[0m
  [4;35;1mUser Update (0.000457)[0m   [0mUPDATE users SET `user_plz` = 12333, `user_klasse` = 'cnws02', `user_name` = 'Huth', `login` = 'test1', `user_email` = 'marco@gmail.com', `user_ort` = 'lll', `user_telefon` = '', `user_vorname` = 'Peter', `user_rule` = 5, `updated_on` = '2006-01-18 12:41:36', `password` = 'de777208f8c01a55973da1707d188ffbadd10052', `user_strasse` = 'Lempstrasse 14', `user_pic` = 'dsc00059.jpg', `created_on` = '2006-01-18 11:51:12' WHERE id = 1[0m
  [4;36;1mSQL (0.000840)[0m   [0;1mCOMMIT[0m
Completed in 0.00812 (123 reqs/sec) | Rendering: 0.00034 (4%) | DB: 0.00310 (38%) | 200 OK [http://localhost/users/update_ort/1]
  [4;35;1mUser Columns (0.000994)[0m   [0mSHOW FIELDS FROM users[0m


Processing UsersController#update_ort (for 127.0.0.1 at 2006-01-18 12:42:16) [POST]
  Parameters: {""=>"ok", "action"=>"update_ort", "id"=>"1", "value"=>"ihlllp", "controller"=>"users"}
  [4;36;1mUser Load (0.000471)[0m   [0;1mSELECT * FROM users WHERE (users.id = '1') LIMIT 1[0m
  [4;35;1mSQL (0.000082)[0m   [0mBEGIN[0m
  [4;36;1mUser Load (0.000313)[0m   [0;1mSELECT * FROM users WHERE (users.id = 1) LIMIT 1[0m
  [4;35;1mUser Update (0.000428)[0m   [0mUPDATE users SET `user_plz` = 12333, `user_klasse` = 'cnws02', `user_name` = 'Huth', `login` = 'test1', `user_email` = 'marco@gmail.com', `user_ort` = 'ihlllp', `user_telefon` = '', `user_vorname` = 'Peter', `user_rule` = 5, `updated_on` = '2006-01-18 12:42:16', `password` = 'de777208f8c01a55973da1707d188ffbadd10052', `user_strasse` = 'Lempstrasse 14', `user_pic` = 'dsc00059.jpg', `created_on` = '2006-01-18 11:51:12' WHERE id = 1[0m
  [4;36;1mSQL (0.045209)[0m   [0;1mCOMMIT[0m
Completed in 0.05316 (18 reqs/sec) | Rendering: 0.00058 (1%) | DB: 0.04750 (89%) | 200 OK [http://localhost/users/update_ort/1]
  [4;35;1mUser Columns (0.000982)[0m   [0mSHOW FIELDS FROM users[0m


Processing AccountController#logout (for 127.0.0.1 at 2006-01-18 12:42:25) [GET]
  Parameters: {"action"=>"logout", "controller"=>"account"}
Rendering  within layouts/account
Rendering account/logout
Completed in 0.00279 (358 reqs/sec) | Rendering: 0.00136 (48%) | DB: 0.00098 (35%) | 200 OK [http://localhost/account/logout]


Processing AccountController#login (for 127.0.0.1 at 2006-01-18 12:42:52) [GET]
  Parameters: {"action"=>"login", "controller"=>"account"}
Rendering  within layouts/account
Rendering account/login
Completed in 0.00287 (349 reqs/sec) | Rendering: 0.00158 (55%) | DB: 0.00000 (0%) | 200 OK [http://localhost/account/login]
  [4;36;1mUser Columns (0.000967)[0m   [0;1mSHOW FIELDS FROM users[0m


Processing AccountController#logout (for 127.0.0.1 at 2006-01-18 12:43:02) [GET]
  Parameters: {"action"=>"logout", "controller"=>"account"}
Rendering  within layouts/account
Rendering account/logout
Completed in 0.00295 (338 reqs/sec) | Rendering: 0.00146 (49%) | DB: 0.00097 (32%) | 200 OK [http://localhost/account/logout]


Processing AccountController#login (for 127.0.0.1 at 2006-01-18 15:07:22) [GET]
  Parameters: {"action"=>"login", "controller"=>"account"}
Rendering  within layouts/account
Rendering account/login
Completed in 0.00596 (167 reqs/sec) | Rendering: 0.00332 (55%) | DB: 0.00000 (0%) | 200 OK [http://localhost/account/login]


Processing AccountController#login (for 127.0.0.1 at 2006-01-18 15:59:58) [POST]
  Parameters: {"user_login"=>"test1", "action"=>"login", "controller"=>"account", "user_password"=>"husten", "login"=>"Login \302\273"}
  [4;35;1mUser Load (0.005139)[0m   [0mSELECT * FROM users WHERE (login = 'test1' AND password = 'de777208f8c01a55973da1707d188ffbadd10052') LIMIT 1[0m
Redirected to http://localhost:3000/account/welcome
  [4;36;1mUser Columns (0.004937)[0m   [0;1mSHOW FIELDS FROM users[0m
Completed in 0.02754 (36 reqs/sec) | DB: 0.01008 (36%) | 302 Found [http://localhost/account/login]
  [4;35;1mUser Columns (0.002123)[0m   [0mSHOW FIELDS FROM users[0m


Processing AccountController#welcome (for 127.0.0.1 at 2006-01-18 15:59:58) [GET]
  Parameters: {"action"=>"welcome", "controller"=>"account"}
Rendering  within layouts/account
Rendering account/welcome
Rendered account/_navi (0.01344)
Completed in 0.02079 (48 reqs/sec) | Rendering: 0.01800 (86%) | DB: 0.00212 (10%) | 200 OK [http://localhost/account/welcome]
